2024-07-21 18:06:02.454 | INFO     | Search:search_referee:line:78 | UPDATE referees SET referee_url = 'https://wikipedia.org/wiki/Gianluca_Rocchi', referee_image_url = 'https://upload.wikimedia.org/wikipedia/commons/thumb/6/6c/Gianluca_Rocchi.jpg/150px-Gianluca_Rocchi.jpg' WHERE ID = 1
2024-07-21 18:06:02.458 | ERROR    | feapder.db.mysqldb:update:line:325 | 
                error:(1146, "Table 'soccer_database.referees' doesn't exist")
                sql:  UPDATE referees SET referee_url = 'https://wikipedia.org/wiki/Gianluca_Rocchi', referee_image_url = 'https://upload.wikimedia.org/wikipedia/commons/thumb/6/6c/Gianluca_Rocchi.jpg/150px-Gianluca_Rocchi.jpg' WHERE ID = 1
            
2024-07-21 18:06:06.093 | ERROR    | Search:search_referee:line:82 | Lack of referee_image_url for ID: '2'
2024-07-21 18:06:21.710 | INFO     | Search:search_referee:line:78 | UPDATE referee SET referee_url = 'https://wikipedia.org/wiki/Gianluca_Rocchi', referee_image_url = 'https://upload.wikimedia.org/wikipedia/commons/thumb/6/6c/Gianluca_Rocchi.jpg/150px-Gianluca_Rocchi.jpg' WHERE ID = 1
2024-07-21 18:06:25.925 | ERROR    | Search:search_referee:line:82 | Lack of referee_image_url for ID: '2'
2024-07-21 18:06:31.059 | INFO     | Search:search_referee:line:95 | UPDATE referee SET referee_url = 'https://wikipedia.org/wiki/2012%E2%80%9313_Coppa_Italia'WHERE ID = 2
2024-07-21 18:06:34.877 | ERROR    | Search:search_referee:line:82 | Lack of referee_image_url for ID: '3'
2024-07-21 18:06:40.371 | INFO     | Search:search_referee:line:95 | UPDATE referee SET referee_url = 'https://wikipedia.org/wiki/2019_Supercoppa_Italiana'WHERE ID = 3
2024-07-21 18:06:46.526 | INFO     | Search:search_referee:line:78 | UPDATE referee SET referee_url = 'https://wikipedia.org/wiki/Paolo_Mazzoleni', referee_image_url = 'https://upload.wikimedia.org/wikipedia/commons/thumb/f/ff/Paolo_Silvio_Mazzoleni.jpg/180px-Paolo_Silvio_Mazzoleni.jpg' WHERE ID = 4
2024-07-21 18:06:52.222 | ERROR    | Search:search_referee:line:82 | Lack of referee_image_url for ID: '5'
2024-07-21 18:06:56.773 | INFO     | Search:search_referee:line:95 | UPDATE referee SET referee_url = 'https://wikipedia.org/wiki/2011%E2%80%9312_Coppa_Italia'WHERE ID = 5
2024-07-21 18:07:01.098 | ERROR    | Search:search_referee:line:82 | Lack of referee_image_url for ID: '6'
2024-07-21 18:07:06.170 | INFO     | Search:search_referee:line:95 | UPDATE referee SET referee_url = 'https://wikipedia.org/wiki/2025_UEFA_European_Under-21_Championship_qualification_Group_D'WHERE ID = 6
2024-07-21 18:07:10.935 | INFO     | Search:search_referee:line:78 | UPDATE referee SET referee_url = 'https://wikipedia.org/wiki/Daniele_Orsato', referee_image_url = 'https://upload.wikimedia.org/wikipedia/commons/thumb/9/95/Daniele_Orsato_2016_%28cropped%29.jpg/120px-Daniele_Orsato_2016_%28cropped%29.jpg' WHERE ID = 7
2024-07-21 18:07:16.329 | INFO     | Search:search_referee:line:78 | UPDATE referee SET referee_url = 'https://wikipedia.org/wiki/Marco_Di_Bello', referee_image_url = 'https://upload.wikimedia.org/wikipedia/commons/thumb/f/f6/Marco_di_bello.jpg/150px-Marco_di_bello.jpg' WHERE ID = 8
2024-07-21 18:07:20.625 | ERROR    | Search:search_referee:line:82 | Lack of referee_image_url for ID: '9'
2024-07-21 18:07:23.978 | INFO     | Search:search_referee:line:95 | UPDATE referee SET referee_url = 'https://wikipedia.org/wiki/Luca_Banti'WHERE ID = 9
2024-07-21 18:07:28.992 | ERROR    | Search:search_referee:line:82 | Lack of referee_image_url for ID: '10'
2024-07-21 18:07:32.211 | INFO     | Search:search_referee:line:95 | UPDATE referee SET referee_url = 'https://wikipedia.org/wiki/Massimiliano_Irrati'WHERE ID = 10
2024-07-21 18:07:35.937 | ERROR    | Search:search_referee:line:82 | Lack of referee_image_url for ID: '11'
2024-07-21 18:07:40.845 | INFO     | Search:search_referee:line:95 | UPDATE referee SET referee_url = 'https://wikipedia.org/wiki/2023%E2%80%9324_Coppa_Italia'WHERE ID = 11
2024-07-21 18:07:43.830 | ERROR    | Search:search_referee:line:82 | Lack of referee_image_url for ID: '12'
2024-07-21 18:07:48.713 | INFO     | Search:search_referee:line:95 | UPDATE referee SET referee_url = 'https://wikipedia.org/wiki/2024%E2%80%9325_UEFA_Champions_League_qualifying_phase_and_play-off_round'WHERE ID = 12
2024-07-21 18:07:52.319 | INFO     | Search:search_referee:line:78 | UPDATE referee SET referee_url = 'https://wikipedia.org/wiki/List_of_FIFA_international_referees', referee_image_url = 'https://upload.wikimedia.org/wikipedia/commons/thumb/9/96/Fifa_2022_badge.jpg/120px-Fifa_2022_badge.jpg' WHERE ID = 13
2024-07-21 18:07:56.643 | ERROR    | Search:search_referee:line:82 | Lack of referee_image_url for ID: '14'
2024-07-21 18:08:01.462 | INFO     | Search:search_referee:line:95 | UPDATE referee SET referee_url = 'https://wikipedia.org/wiki/Paolo_Valeri'WHERE ID = 14
2024-07-21 18:08:04.934 | ERROR    | Search:search_referee:line:82 | Lack of referee_image_url for ID: '15'
2024-07-21 18:08:08.343 | INFO     | Search:search_referee:line:95 | UPDATE referee SET referee_url = 'https://wikipedia.org/wiki/2025_UEFA_European_Under-21_Championship_qualification_Group_C'WHERE ID = 15
2024-07-21 18:08:12.237 | INFO     | Search:search_referee:line:78 | UPDATE referee SET referee_url = 'https://wikipedia.org/wiki/Marco_Guida', referee_image_url = 'https://upload.wikimedia.org/wikipedia/commons/thumb/e/eb/Marco_Guida_2020.jpg/180px-Marco_Guida_2020.jpg' WHERE ID = 16
2024-07-21 18:08:15.914 | ERROR    | Search:search_referee:line:82 | Lack of referee_image_url for ID: '17'
2024-07-21 18:08:18.979 | INFO     | Search:search_referee:line:95 | UPDATE referee SET referee_url = 'https://wikipedia.org/wiki/Fabrizio_Pasqua'WHERE ID = 17
2024-07-21 18:08:23.937 | ERROR    | Search:search_referee:line:82 | Lack of referee_image_url for ID: '18'
2024-07-21 18:08:27.796 | INFO     | Search:search_referee:line:95 | UPDATE referee SET referee_url = 'https://wikipedia.org/wiki/2024_Copa_Am%C3%A9rica'WHERE ID = 18
2024-07-21 18:08:31.288 | ERROR    | Search:search_referee:line:82 | Lack of referee_image_url for ID: '19'
2024-07-21 18:08:35.373 | INFO     | Search:search_referee:line:95 | UPDATE referee SET referee_url = 'https://wikipedia.org/wiki/Davide_Massa'WHERE ID = 19
2024-07-21 18:08:41.433 | ERROR    | Search:search_referee:line:82 | Lack of referee_image_url for ID: '20'
2024-07-21 18:08:45.679 | INFO     | Search:search_referee:line:95 | UPDATE referee SET referee_url = 'https://wikipedia.org/wiki/2023%E2%80%9324_Venezia_FC_season'WHERE ID = 20
2024-07-21 18:08:49.406 | ERROR    | Search:search_referee:line:82 | Lack of referee_image_url for ID: '21'
2024-07-21 18:08:52.559 | INFO     | Search:search_referee:line:95 | UPDATE referee SET referee_url = 'https://wikipedia.org/wiki/Paul_Tierney_(referee)'WHERE ID = 21
2024-07-21 18:08:57.782 | INFO     | Search:search_referee:line:78 | UPDATE referee SET referee_url = 'https://wikipedia.org/wiki/Stuart_Attwell', referee_image_url = 'https://upload.wikimedia.org/wikipedia/commons/thumb/7/78/Stuart_Attwell_%28cropped%29.jpg/150px-Stuart_Attwell_%28cropped%29.jpg' WHERE ID = 22
2024-07-21 18:09:02.712 | INFO     | Search:search_referee:line:78 | UPDATE referee SET referee_url = 'https://wikipedia.org/wiki/Michael_Oliver_(referee)', referee_image_url = 'https://upload.wikimedia.org/wikipedia/commons/thumb/8/8e/Michael_Oliver_in_2014.jpeg/120px-Michael_Oliver_in_2014.jpeg' WHERE ID = 23
2024-07-21 18:09:07.833 | INFO     | Search:search_referee:line:78 | UPDATE referee SET referee_url = 'https://wikipedia.org/wiki/Martin_Atkinson', referee_image_url = 'https://upload.wikimedia.org/wikipedia/commons/thumb/4/4a/Martin_Atkinson_%28cropped%29.jpg/150px-Martin_Atkinson_%28cropped%29.jpg' WHERE ID = 24
2024-07-21 18:09:11.445 | INFO     | Search:search_referee:line:78 | UPDATE referee SET referee_url = 'https://wikipedia.org/wiki/Mike_Dean_(referee)', referee_image_url = 'https://upload.wikimedia.org/wikipedia/commons/thumb/e/e9/MikeDeanDecember2016.jpg/120px-MikeDeanDecember2016.jpg' WHERE ID = 25
2024-07-21 18:09:14.357 | INFO     | Search:search_referee:line:78 | UPDATE referee SET referee_url = 'https://wikipedia.org/wiki/Andre_Marriner', referee_image_url = 'https://upload.wikimedia.org/wikipedia/commons/thumb/3/32/Andre_Marriner_2013.jpg/150px-Andre_Marriner_2013.jpg' WHERE ID = 26
2024-07-21 18:09:18.798 | INFO     | Search:search_referee:line:78 | UPDATE referee SET referee_url = 'https://wikipedia.org/wiki/Jon_Moss_(referee)', referee_image_url = 'https://upload.wikimedia.org/wikipedia/commons/thumb/d/d7/Jonathan_Moss_ref.jpg/120px-Jonathan_Moss_ref.jpg' WHERE ID = 27
2024-07-21 18:09:22.828 | ERROR    | Search:search_referee:line:82 | Lack of referee_image_url for ID: '28'
2024-07-21 18:09:26.911 | INFO     | Search:search_referee:line:95 | UPDATE referee SET referee_url = 'https://wikipedia.org/wiki/Andrew_Madley'WHERE ID = 28
2024-07-21 18:09:30.530 | INFO     | Search:search_referee:line:78 | UPDATE referee SET referee_url = 'https://wikipedia.org/wiki/Craig_Pawson', referee_image_url = 'https://upload.wikimedia.org/wikipedia/commons/thumb/0/0b/Austria_vs._Russia_20141115_%28094%29.jpg/150px-Austria_vs._Russia_20141115_%28094%29.jpg' WHERE ID = 29
2024-07-21 18:09:34.784 | INFO     | Search:search_referee:line:78 | UPDATE referee SET referee_url = 'https://wikipedia.org/wiki/Anthony_Taylor_(referee)', referee_image_url = 'https://upload.wikimedia.org/wikipedia/commons/thumb/a/ad/Chelsea_2_Spurs_0_Capital_One_Cup_winners_2015_%2816692371952%29_%28cropped%29_%28cropped%29.jpg/120px-Chelsea_2_Spurs_0_Capital_One_Cup_winners_2015_%2816692371952%29_%28cropped%29_%28cropped%29.jpg' WHERE ID = 30
2024-07-21 18:09:38.362 | ERROR    | Search:search_referee:line:82 | Lack of referee_image_url for ID: '31'
2024-07-21 18:09:41.672 | INFO     | Search:search_referee:line:95 | UPDATE referee SET referee_url = 'https://wikipedia.org/wiki/Graham_Scott_(referee)'WHERE ID = 31
2024-07-21 18:09:45.827 | ERROR    | Search:search_referee:line:82 | Lack of referee_image_url for ID: '32'
2024-07-21 18:09:49.257 | INFO     | Search:search_referee:line:95 | UPDATE referee SET referee_url = 'https://wikipedia.org/wiki/David_Coote_(referee)'WHERE ID = 32
2024-07-21 18:09:53.032 | ERROR    | Search:search_referee:line:82 | Lack of referee_image_url for ID: '33'
2024-07-21 18:09:56.016 | INFO     | Search:search_referee:line:95 | UPDATE referee SET referee_url = 'https://wikipedia.org/wiki/Robert_Jones_(referee)'WHERE ID = 33
2024-07-21 18:09:59.911 | ERROR    | Search:search_referee:line:82 | Lack of referee_image_url for ID: '34'
2024-07-21 18:10:03.451 | INFO     | Search:search_referee:line:95 | UPDATE referee SET referee_url = 'https://wikipedia.org/wiki/Chris_Kavanagh_(referee)'WHERE ID = 34
2024-07-21 18:10:09.015 | ERROR    | Search:search_referee:line:82 | Lack of referee_image_url for ID: '35'
2024-07-21 18:10:13.170 | INFO     | Search:search_referee:line:95 | UPDATE referee SET referee_url = 'https://wikipedia.org/wiki/Peter_Bankes'WHERE ID = 35
2024-07-21 18:10:18.468 | INFO     | Search:search_referee:line:78 | UPDATE referee SET referee_url = 'https://wikipedia.org/wiki/Kevin_Friend', referee_image_url = 'https://upload.wikimedia.org/wikipedia/commons/thumb/a/a0/Kevin_Friend.jpg/200px-Kevin_Friend.jpg' WHERE ID = 36
2024-07-21 18:10:22.584 | ERROR    | Search:search_referee:line:82 | Lack of referee_image_url for ID: '37'
2024-07-21 18:10:25.558 | INFO     | Search:search_referee:line:95 | UPDATE referee SET referee_url = 'https://wikipedia.org/wiki/2023%E2%80%9324_Coppa_Italia'WHERE ID = 37
2024-07-21 18:10:29.986 | ERROR    | Search:search_referee:line:82 | Lack of referee_image_url for ID: '38'
2024-07-21 18:10:33.186 | INFO     | Search:search_referee:line:95 | UPDATE referee SET referee_url = 'https://wikipedia.org/wiki/2023%E2%80%9324_Juventus_FC_season'WHERE ID = 38
2024-07-21 18:10:37.792 | ERROR    | Search:search_referee:line:82 | Lack of referee_image_url for ID: '39'
2024-07-21 18:10:41.831 | INFO     | Search:search_referee:line:95 | UPDATE referee SET referee_url = 'https://wikipedia.org/wiki/2024%E2%80%9325_UEFA_Champions_League_qualifying_phase_and_play-off_round'WHERE ID = 39
2024-07-21 18:10:46.824 | ERROR    | Search:search_referee:line:82 | Lack of referee_image_url for ID: '40'
2024-07-21 18:10:50.020 | INFO     | Search:search_referee:line:95 | UPDATE referee SET referee_url = 'https://wikipedia.org/wiki/2018%E2%80%9319_Under_20_Elite_League'WHERE ID = 40
2024-07-21 18:10:54.413 | ERROR    | Search:search_referee:line:82 | Lack of referee_image_url for ID: '41'
2024-07-21 18:10:58.417 | INFO     | Search:search_referee:line:95 | UPDATE referee SET referee_url = 'https://wikipedia.org/wiki/2023_Supercoppa_Italiana'WHERE ID = 41
2024-07-21 18:11:01.170 | ERROR    | Search:search_referee:line:82 | Lack of referee_image_url for ID: '42'
2024-07-21 18:11:03.479 | INFO     | Search:search_referee:line:95 | UPDATE referee SET referee_url = 'https://wikipedia.org/wiki/EuroBasket_1937'WHERE ID = 42
2024-07-21 18:11:07.084 | ERROR    | Search:search_referee:line:82 | Lack of referee_image_url for ID: '43'
2024-07-21 18:11:10.875 | INFO     | Search:search_referee:line:95 | UPDATE referee SET referee_url = 'https://wikipedia.org/wiki/2023%E2%80%9324_US_Sassuolo_Calcio_season'WHERE ID = 43
2024-07-21 18:11:14.251 | ERROR    | Search:search_referee:line:82 | Lack of referee_image_url for ID: '44'
2024-07-21 18:11:16.648 | INFO     | Search:search_referee:line:95 | UPDATE referee SET referee_url = 'https://wikipedia.org/wiki/Lee_Mason'WHERE ID = 44
2024-07-21 18:11:20.050 | ERROR    | Search:search_referee:line:82 | Lack of referee_image_url for ID: '45'
2024-07-21 18:11:23.006 | INFO     | Search:search_referee:line:95 | UPDATE referee SET referee_url = 'https://wikipedia.org/wiki/Simon_Hooper'WHERE ID = 45
2024-07-21 18:11:28.476 | INFO     | Search:search_referee:line:78 | UPDATE referee SET referee_url = 'https://wikipedia.org/wiki/Danny_Makkelie', referee_image_url = 'https://upload.wikimedia.org/wikipedia/commons/thumb/d/d6/Danny_Makkelie_EURO_2020.jpg/180px-Danny_Makkelie_EURO_2020.jpg' WHERE ID = 46
2024-07-21 18:11:33.113 | ERROR    | Search:search_referee:line:82 | Lack of referee_image_url for ID: '47'
2024-07-21 18:11:37.744 | INFO     | Search:search_referee:line:95 | UPDATE referee SET referee_url = 'https://wikipedia.org/wiki/Irfan_Peljto'WHERE ID = 47
2024-07-21 18:11:41.020 | INFO     | Search:search_referee:line:78 | UPDATE referee SET referee_url = 'https://wikipedia.org/wiki/Willie_Collum', referee_image_url = 'https://upload.wikimedia.org/wikipedia/commons/thumb/5/55/Willie_Collum_2017.jpg/120px-Willie_Collum_2017.jpg' WHERE ID = 48
2024-07-21 18:11:45.383 | ERROR    | Search:search_referee:line:82 | Lack of referee_image_url for ID: '49'
2024-07-21 18:11:49.385 | INFO     | Search:search_referee:line:95 | UPDATE referee SET referee_url = 'https://wikipedia.org/wiki/Jo%C3%A3o_Pinheiro_(referee)'WHERE ID = 49
2024-07-21 18:11:53.138 | INFO     | Search:search_referee:line:78 | UPDATE referee SET referee_url = 'https://wikipedia.org/wiki/Cl%C3%A9ment_Turpin', referee_image_url = 'https://upload.wikimedia.org/wikipedia/commons/thumb/d/d2/Cl%C3%A9ment_Turpin_2016_%28cropped%29.jpg/150px-Cl%C3%A9ment_Turpin_2016_%28cropped%29.jpg' WHERE ID = 50
2024-07-21 18:11:57.549 | INFO     | Search:search_referee:line:78 | UPDATE referee SET referee_url = 'https://wikipedia.org/wiki/Slavko_Vin%C4%8Di%C4%87', referee_image_url = 'https://upload.wikimedia.org/wikipedia/commons/thumb/4/44/Slavko_Vincic.jpg/120px-Slavko_Vincic.jpg' WHERE ID = 51
2024-07-21 18:12:00.545 | INFO     | Search:search_referee:line:78 | UPDATE referee SET referee_url = 'https://wikipedia.org/wiki/Ivan_Kru%C5%BEliak', referee_image_url = 'https://upload.wikimedia.org/wikipedia/commons/thumb/b/b9/Ivan_Kru%C5%BEliak%2C_CZE-NIR_2019-10-14_%282%29.jpg/150px-Ivan_Kru%C5%BEliak%2C_CZE-NIR_2019-10-14_%282%29.jpg' WHERE ID = 52
2024-07-21 18:12:03.490 | INFO     | Search:search_referee:line:78 | UPDATE referee SET referee_url = 'https://wikipedia.org/wiki/Carlos_del_Cerro_Grande', referee_image_url = 'https://upload.wikimedia.org/wikipedia/commons/thumb/e/e9/2020-03-10_Fu%C3%9Fball%2C_M%C3%A4nner%2C_UEFA_Champions_League_Achtelfinale%2C_RB_Leipzig_-_Tottenham_Hotspur_1DX_3658_by_Stepro.jpg/90px-2020-03-10_Fu%C3%9Fball%2C_M%C3%A4nner%2C_UEFA_Champions_League_Achtelfinale%2C_RB_Leipzig_-_Tottenham_Hotspur_1DX_3658_by_Stepro.jpg' WHERE ID = 53
2024-07-21 18:12:06.721 | ERROR    | Search:search_referee:line:82 | Lack of referee_image_url for ID: '54'
2024-07-21 18:12:09.036 | INFO     | Search:search_referee:line:95 | UPDATE referee SET referee_url = 'https://wikipedia.org/wiki/Sr%C4%91an_Jovanovi%C4%87_(referee)'WHERE ID = 54
2024-07-21 18:12:13.199 | INFO     | Search:search_referee:line:78 | UPDATE referee SET referee_url = 'https://wikipedia.org/wiki/Szymon_Marciniak', referee_image_url = 'https://upload.wikimedia.org/wikipedia/commons/thumb/7/7f/SzymonMarciniakReferee.jpg/150px-SzymonMarciniakReferee.jpg' WHERE ID = 55
2024-07-21 18:12:17.507 | INFO     | Search:search_referee:line:78 | UPDATE referee SET referee_url = 'https://wikipedia.org/wiki/Istv%C3%A1n_Kov%C3%A1cs_(referee)', referee_image_url = 'https://upload.wikimedia.org/wikipedia/commons/thumb/0/05/Istv%C3%A1n_Kov%C3%A1cs_referee.jpg/150px-Istv%C3%A1n_Kov%C3%A1cs_referee.jpg' WHERE ID = 56
2024-07-21 18:12:21.781 | INFO     | Search:search_referee:line:78 | UPDATE referee SET referee_url = 'https://wikipedia.org/wiki/Artur_Soares_Dias', referee_image_url = 'https://upload.wikimedia.org/wikipedia/commons/thumb/7/74/Artur_Soares_Dias_2016.jpg/220px-Artur_Soares_Dias_2016.jpg' WHERE ID = 57
2024-07-21 18:12:25.965 | ERROR    | Search:search_referee:line:82 | Lack of referee_image_url for ID: '58'
2024-07-21 18:12:30.338 | INFO     | Search:search_referee:line:95 | UPDATE referee SET referee_url = 'https://wikipedia.org/wiki/2023_UEFA_European_Under-21_Championship'WHERE ID = 58
2024-07-21 18:12:35.366 | INFO     | Search:search_referee:line:78 | UPDATE referee SET referee_url = 'https://wikipedia.org/wiki/Istv%C3%A1n_Vad', referee_image_url = 'https://upload.wikimedia.org/wikipedia/commons/thumb/c/c2/Austria_vs._USA_2013-11-19_%28056%29.jpg/150px-Austria_vs._USA_2013-11-19_%28056%29.jpg' WHERE ID = 59
2024-07-21 18:12:38.951 | INFO     | Search:search_referee:line:78 | UPDATE referee SET referee_url = 'https://wikipedia.org/wiki/Felix_Zwayer', referee_image_url = 'https://upload.wikimedia.org/wikipedia/commons/thumb/a/ac/Fu%C3%9Fballl%C3%A4nderspiel_%C3%96sterreich-Ukraine_%2801.06.2012%29_43.jpg/150px-Fu%C3%9Fballl%C3%A4nderspiel_%C3%96sterreich-Ukraine_%2801.06.2012%29_43.jpg' WHERE ID = 60
2024-07-21 18:17:47.586 | INFO     | Search:search_referee:line:89 | UPDATE referee SET referee_url = 'https://wikipedia.org/wiki/Gianluca_Rocchi', referee_image_url = 'https://upload.wikimedia.org/wikipedia/commons/thumb/6/6c/Gianluca_Rocchi.jpg/150px-Gianluca_Rocchi.jpg' WHERE ID = 1
2024-07-21 18:17:58.484 | INFO     | Search:search_referee:line:89 | UPDATE referee SET referee_url = 'https://wikipedia.org/wiki/Paolo_Mazzoleni', referee_image_url = 'https://upload.wikimedia.org/wikipedia/commons/thumb/f/ff/Paolo_Silvio_Mazzoleni.jpg/180px-Paolo_Silvio_Mazzoleni.jpg' WHERE ID = 4
2024-07-21 18:18:08.698 | INFO     | Search:search_referee:line:89 | UPDATE referee SET referee_url = 'https://wikipedia.org/wiki/Daniele_Orsato', referee_image_url = 'https://upload.wikimedia.org/wikipedia/commons/thumb/9/95/Daniele_Orsato_2016_%28cropped%29.jpg/120px-Daniele_Orsato_2016_%28cropped%29.jpg' WHERE ID = 7
2024-07-21 18:18:11.637 | INFO     | Search:search_referee:line:89 | UPDATE referee SET referee_url = 'https://wikipedia.org/wiki/Marco_Di_Bello', referee_image_url = 'https://upload.wikimedia.org/wikipedia/commons/thumb/f/f6/Marco_di_bello.jpg/150px-Marco_di_bello.jpg' WHERE ID = 8
2024-07-21 18:18:15.628 | ERROR    | Search:search_referee:line:93 | Lack of referee_image_url for ID: '9'
2024-07-21 18:18:18.506 | INFO     | Search:search_referee:line:106 | UPDATE referee SET referee_url = 'https://wikipedia.org/wiki/Luca_Banti'WHERE ID = 9
2024-07-21 18:18:21.964 | ERROR    | Search:search_referee:line:93 | Lack of referee_image_url for ID: '10'
2024-07-21 18:18:25.081 | INFO     | Search:search_referee:line:106 | UPDATE referee SET referee_url = 'https://wikipedia.org/wiki/Massimiliano_Irrati'WHERE ID = 10
2024-07-21 18:18:35.897 | INFO     | Search:search_referee:line:89 | UPDATE referee SET referee_url = 'https://wikipedia.org/wiki/List_of_FIFA_international_referees', referee_image_url = 'https://upload.wikimedia.org/wikipedia/commons/thumb/9/96/Fifa_2022_badge.jpg/120px-Fifa_2022_badge.jpg' WHERE ID = 13
2024-07-21 18:18:39.134 | ERROR    | Search:search_referee:line:93 | Lack of referee_image_url for ID: '14'
2024-07-21 18:18:42.717 | INFO     | Search:search_referee:line:106 | UPDATE referee SET referee_url = 'https://wikipedia.org/wiki/Paolo_Valeri'WHERE ID = 14
2024-07-21 18:18:51.315 | INFO     | Search:search_referee:line:89 | UPDATE referee SET referee_url = 'https://wikipedia.org/wiki/Marco_Guida', referee_image_url = 'https://upload.wikimedia.org/wikipedia/commons/thumb/e/eb/Marco_Guida_2020.jpg/180px-Marco_Guida_2020.jpg' WHERE ID = 16
2024-07-21 18:18:53.674 | ERROR    | Search:search_referee:line:93 | Lack of referee_image_url for ID: '17'
2024-07-21 18:18:56.792 | INFO     | Search:search_referee:line:106 | UPDATE referee SET referee_url = 'https://wikipedia.org/wiki/Fabrizio_Pasqua'WHERE ID = 17
2024-07-21 18:19:07.121 | ERROR    | Search:search_referee:line:93 | Lack of referee_image_url for ID: '19'
2024-07-21 18:19:11.039 | INFO     | Search:search_referee:line:106 | UPDATE referee SET referee_url = 'https://wikipedia.org/wiki/Davide_Massa'WHERE ID = 19
2024-07-21 18:19:20.912 | ERROR    | Search:search_referee:line:93 | Lack of referee_image_url for ID: '21'
2024-07-21 18:19:23.555 | INFO     | Search:search_referee:line:106 | UPDATE referee SET referee_url = 'https://wikipedia.org/wiki/Paul_Tierney_(referee)'WHERE ID = 21
2024-07-21 18:19:28.243 | INFO     | Search:search_referee:line:89 | UPDATE referee SET referee_url = 'https://wikipedia.org/wiki/Stuart_Attwell', referee_image_url = 'https://upload.wikimedia.org/wikipedia/commons/thumb/7/78/Stuart_Attwell_%28cropped%29.jpg/150px-Stuart_Attwell_%28cropped%29.jpg' WHERE ID = 22
2024-07-21 18:19:30.395 | INFO     | Search:search_referee:line:89 | UPDATE referee SET referee_url = 'https://wikipedia.org/wiki/Michael_Oliver_(referee)', referee_image_url = 'https://upload.wikimedia.org/wikipedia/commons/thumb/8/8e/Michael_Oliver_in_2014.jpeg/120px-Michael_Oliver_in_2014.jpeg' WHERE ID = 23
2024-07-21 18:19:34.085 | INFO     | Search:search_referee:line:89 | UPDATE referee SET referee_url = 'https://wikipedia.org/wiki/Martin_Atkinson', referee_image_url = 'https://upload.wikimedia.org/wikipedia/commons/thumb/4/4a/Martin_Atkinson_%28cropped%29.jpg/150px-Martin_Atkinson_%28cropped%29.jpg' WHERE ID = 24
2024-07-21 18:19:37.239 | INFO     | Search:search_referee:line:89 | UPDATE referee SET referee_url = 'https://wikipedia.org/wiki/Mike_Dean_(referee)', referee_image_url = 'https://upload.wikimedia.org/wikipedia/commons/thumb/e/e9/MikeDeanDecember2016.jpg/120px-MikeDeanDecember2016.jpg' WHERE ID = 25
2024-07-21 18:19:40.499 | INFO     | Search:search_referee:line:89 | UPDATE referee SET referee_url = 'https://wikipedia.org/wiki/Andre_Marriner', referee_image_url = 'https://upload.wikimedia.org/wikipedia/commons/thumb/3/32/Andre_Marriner_2013.jpg/150px-Andre_Marriner_2013.jpg' WHERE ID = 26
2024-07-21 18:19:42.972 | INFO     | Search:search_referee:line:89 | UPDATE referee SET referee_url = 'https://wikipedia.org/wiki/Jon_Moss_(referee)', referee_image_url = 'https://upload.wikimedia.org/wikipedia/commons/thumb/d/d7/Jonathan_Moss_ref.jpg/120px-Jonathan_Moss_ref.jpg' WHERE ID = 27
2024-07-21 18:19:46.261 | ERROR    | Search:search_referee:line:93 | Lack of referee_image_url for ID: '28'
2024-07-21 18:19:49.483 | INFO     | Search:search_referee:line:106 | UPDATE referee SET referee_url = 'https://wikipedia.org/wiki/Andrew_Madley'WHERE ID = 28
2024-07-21 18:19:52.677 | INFO     | Search:search_referee:line:89 | UPDATE referee SET referee_url = 'https://wikipedia.org/wiki/Craig_Pawson', referee_image_url = 'https://upload.wikimedia.org/wikipedia/commons/thumb/0/0b/Austria_vs._Russia_20141115_%28094%29.jpg/150px-Austria_vs._Russia_20141115_%28094%29.jpg' WHERE ID = 29
2024-07-21 18:19:56.598 | INFO     | Search:search_referee:line:89 | UPDATE referee SET referee_url = 'https://wikipedia.org/wiki/Anthony_Taylor_(referee)', referee_image_url = 'https://upload.wikimedia.org/wikipedia/commons/thumb/a/ad/Chelsea_2_Spurs_0_Capital_One_Cup_winners_2015_%2816692371952%29_%28cropped%29_%28cropped%29.jpg/120px-Chelsea_2_Spurs_0_Capital_One_Cup_winners_2015_%2816692371952%29_%28cropped%29_%28cropped%29.jpg' WHERE ID = 30
2024-07-21 18:20:00.673 | ERROR    | Search:search_referee:line:93 | Lack of referee_image_url for ID: '31'
2024-07-21 18:20:03.508 | INFO     | Search:search_referee:line:106 | UPDATE referee SET referee_url = 'https://wikipedia.org/wiki/Graham_Scott_(referee)'WHERE ID = 31
2024-07-21 18:20:07.312 | ERROR    | Search:search_referee:line:93 | Lack of referee_image_url for ID: '32'
2024-07-21 18:20:10.260 | INFO     | Search:search_referee:line:106 | UPDATE referee SET referee_url = 'https://wikipedia.org/wiki/David_Coote_(referee)'WHERE ID = 32
2024-07-21 18:20:13.110 | ERROR    | Search:search_referee:line:93 | Lack of referee_image_url for ID: '33'
2024-07-21 18:20:15.721 | INFO     | Search:search_referee:line:106 | UPDATE referee SET referee_url = 'https://wikipedia.org/wiki/Robert_Jones_(referee)'WHERE ID = 33
2024-07-21 18:20:19.547 | ERROR    | Search:search_referee:line:93 | Lack of referee_image_url for ID: '34'
2024-07-21 18:20:22.957 | INFO     | Search:search_referee:line:106 | UPDATE referee SET referee_url = 'https://wikipedia.org/wiki/Chris_Kavanagh_(referee)'WHERE ID = 34
2024-07-21 18:20:25.901 | ERROR    | Search:search_referee:line:93 | Lack of referee_image_url for ID: '35'
2024-07-21 18:20:30.273 | INFO     | Search:search_referee:line:106 | UPDATE referee SET referee_url = 'https://wikipedia.org/wiki/Peter_Bankes'WHERE ID = 35
2024-07-21 18:20:33.697 | INFO     | Search:search_referee:line:89 | UPDATE referee SET referee_url = 'https://wikipedia.org/wiki/Kevin_Friend', referee_image_url = 'https://upload.wikimedia.org/wikipedia/commons/thumb/a/a0/Kevin_Friend.jpg/200px-Kevin_Friend.jpg' WHERE ID = 36
2024-07-21 18:21:00.626 | ERROR    | Search:search_referee:line:93 | Lack of referee_image_url for ID: '44'
2024-07-21 18:21:04.885 | INFO     | Search:search_referee:line:106 | UPDATE referee SET referee_url = 'https://wikipedia.org/wiki/Lee_Mason'WHERE ID = 44
2024-07-21 18:21:08.262 | ERROR    | Search:search_referee:line:93 | Lack of referee_image_url for ID: '45'
2024-07-21 18:21:12.230 | INFO     | Search:search_referee:line:106 | UPDATE referee SET referee_url = 'https://wikipedia.org/wiki/Simon_Hooper'WHERE ID = 45
2024-07-21 18:21:14.714 | INFO     | Search:search_referee:line:89 | UPDATE referee SET referee_url = 'https://wikipedia.org/wiki/Danny_Makkelie', referee_image_url = 'https://upload.wikimedia.org/wikipedia/commons/thumb/d/d6/Danny_Makkelie_EURO_2020.jpg/180px-Danny_Makkelie_EURO_2020.jpg' WHERE ID = 46
2024-07-21 18:21:19.384 | ERROR    | Search:search_referee:line:93 | Lack of referee_image_url for ID: '47'
2024-07-21 18:21:23.231 | INFO     | Search:search_referee:line:106 | UPDATE referee SET referee_url = 'https://wikipedia.org/wiki/Irfan_Peljto'WHERE ID = 47
2024-07-21 18:21:28.150 | INFO     | Search:search_referee:line:89 | UPDATE referee SET referee_url = 'https://wikipedia.org/wiki/Willie_Collum', referee_image_url = 'https://upload.wikimedia.org/wikipedia/commons/thumb/5/55/Willie_Collum_2017.jpg/120px-Willie_Collum_2017.jpg' WHERE ID = 48
2024-07-21 18:21:45.589 | INFO     | Search:search_referee:line:89 | UPDATE referee SET referee_url = 'https://wikipedia.org/wiki/Carlos_del_Cerro_Grande', referee_image_url = 'https://upload.wikimedia.org/wikipedia/commons/thumb/e/e9/2020-03-10_Fu%C3%9Fball%2C_M%C3%A4nner%2C_UEFA_Champions_League_Achtelfinale%2C_RB_Leipzig_-_Tottenham_Hotspur_1DX_3658_by_Stepro.jpg/90px-2020-03-10_Fu%C3%9Fball%2C_M%C3%A4nner%2C_UEFA_Champions_League_Achtelfinale%2C_RB_Leipzig_-_Tottenham_Hotspur_1DX_3658_by_Stepro.jpg' WHERE ID = 53
2024-07-21 18:21:53.824 | INFO     | Search:search_referee:line:89 | UPDATE referee SET referee_url = 'https://wikipedia.org/wiki/Szymon_Marciniak', referee_image_url = 'https://upload.wikimedia.org/wikipedia/commons/thumb/7/7f/SzymonMarciniakReferee.jpg/150px-SzymonMarciniakReferee.jpg' WHERE ID = 55
2024-07-21 18:22:01.517 | INFO     | Search:search_referee:line:89 | UPDATE referee SET referee_url = 'https://wikipedia.org/wiki/Artur_Soares_Dias', referee_image_url = 'https://upload.wikimedia.org/wikipedia/commons/thumb/7/74/Artur_Soares_Dias_2016.jpg/220px-Artur_Soares_Dias_2016.jpg' WHERE ID = 57
2024-07-21 18:22:12.989 | INFO     | Search:search_referee:line:89 | UPDATE referee SET referee_url = 'https://wikipedia.org/wiki/Felix_Zwayer', referee_image_url = 'https://upload.wikimedia.org/wikipedia/commons/thumb/a/ac/Fu%C3%9Fballl%C3%A4nderspiel_%C3%96sterreich-Ukraine_%2801.06.2012%29_43.jpg/150px-Fu%C3%9Fballl%C3%A4nderspiel_%C3%96sterreich-Ukraine_%2801.06.2012%29_43.jpg' WHERE ID = 60
2024-07-21 18:22:16.982 | INFO     | Search:search_referee:line:89 | UPDATE referee SET referee_url = 'https://wikipedia.org/wiki/Daniel_Siebert_(referee)', referee_image_url = 'https://upload.wikimedia.org/wikipedia/commons/thumb/b/b5/Daniel_Siebert_%28Fu%C3%9Fballschiedsrichter%29_3_%28cropped%29.jpg/120px-Daniel_Siebert_%28Fu%C3%9Fballschiedsrichter%29_3_%28cropped%29.jpg' WHERE ID = 61
2024-07-21 18:22:24.903 | INFO     | Search:search_referee:line:89 | UPDATE referee SET referee_url = 'https://wikipedia.org/wiki/Andris_Treimanis', referee_image_url = 'https://upload.wikimedia.org/wikipedia/commons/thumb/1/17/FC_Salzburg_gegen_GNK_Dinamo_Zagreb_%28UEFA_Championsleague_2022-10-05%29_24.jpg/180px-FC_Salzburg_gegen_GNK_Dinamo_Zagreb_%28UEFA_Championsleague_2022-10-05%29_24.jpg' WHERE ID = 63
2024-07-21 18:22:36.428 | ERROR    | Search:search_referee:line:93 | Lack of referee_image_url for ID: '66'
2024-07-21 18:22:40.508 | INFO     | Search:search_referee:line:106 | UPDATE referee SET referee_url = 'https://wikipedia.org/wiki/Tobias_Stieler'WHERE ID = 66
2024-07-21 18:22:48.223 | INFO     | Search:search_referee:line:89 | UPDATE referee SET referee_url = 'https://wikipedia.org/wiki/Andreas_Ekberg', referee_image_url = 'https://upload.wikimedia.org/wikipedia/commons/thumb/2/2d/Hammarby-G%C3%B6teborg_2022-07-11_5.jpg/150px-Hammarby-G%C3%B6teborg_2022-07-11_5.jpg' WHERE ID = 68
2024-07-21 18:23:01.463 | INFO     | Search:search_referee:line:89 | UPDATE referee SET referee_url = 'https://wikipedia.org/wiki/Orel_Grinfeld', referee_image_url = 'https://upload.wikimedia.org/wikipedia/commons/thumb/e/ed/FC_Salzburg_gegen_RasenBallsport_Leipzig_%28Euroleague_Gruppenphase_F%C3%BCnfte_Runde%29_38.jpg/150px-FC_Salzburg_gegen_RasenBallsport_Leipzig_%28Euroleague_Gruppenphase_F%C3%BCnfte_Runde%29_38.jpg' WHERE ID = 71
2024-07-21 18:23:05.921 | INFO     | Search:search_referee:line:89 | UPDATE referee SET referee_url = 'https://wikipedia.org/wiki/Ricardo_de_Burgos_Bengoetxea', referee_image_url = 'https://upload.wikimedia.org/wikipedia/commons/thumb/9/91/RBB.jpg/120px-RBB.jpg' WHERE ID = 72
2024-07-21 18:23:10.663 | INFO     | Search:search_referee:line:89 | UPDATE referee SET referee_url = 'https://wikipedia.org/wiki/Antonio_Mateu_Lahoz', referee_image_url = 'https://upload.wikimedia.org/wikipedia/commons/thumb/1/1d/20191002_Fu%C3%9Fball%2C_M%C3%A4nner%2C_UEFA_Champions_League%2C_RB_Leipzig_-_Olympique_Lyonnais_by_Stepro_StP_0043-2_%28cropped%29.jpg/150px-20191002_Fu%C3%9Fball%2C_M%C3%A4nner%2C_UEFA_Champions_League%2C_RB_Leipzig_-_Olympique_Lyonnais_by_Stepro_StP_0043-2_%28cropped%29.jpg' WHERE ID = 73
2024-07-21 18:23:23.801 | INFO     | Search:search_referee:line:89 | UPDATE referee SET referee_url = 'https://wikipedia.org/wiki/Bartosz_Frankowski', referee_image_url = 'https://upload.wikimedia.org/wikipedia/commons/thumb/c/cf/Bartosz_Frankowski.jpg/150px-Bartosz_Frankowski.jpg' WHERE ID = 76
2024-07-21 18:23:27.413 | ERROR    | Search:search_referee:line:93 | Lack of referee_image_url for ID: '77'
2024-07-21 18:23:32.111 | INFO     | Search:search_referee:line:106 | UPDATE referee SET referee_url = 'https://wikipedia.org/wiki/Manzano'WHERE ID = 77
2024-07-21 18:23:53.792 | INFO     | Search:search_referee:line:89 | UPDATE referee SET referee_url = 'https://wikipedia.org/wiki/List_of_FIFA_international_referees', referee_image_url = 'https://upload.wikimedia.org/wikipedia/commons/thumb/9/96/Fifa_2022_badge.jpg/120px-Fifa_2022_badge.jpg' WHERE ID = 82
2024-07-21 18:24:10.122 | INFO     | Search:search_referee:line:89 | UPDATE referee SET referee_url = 'https://wikipedia.org/wiki/Alberto_Undiano_Mallenco', referee_image_url = 'https://upload.wikimedia.org/wikipedia/commons/thumb/4/40/Mallenco.jpg/150px-Mallenco.jpg' WHERE ID = 86
2024-07-21 18:24:14.314 | ERROR    | Search:search_referee:line:93 | Lack of referee_image_url for ID: '87'
2024-07-21 18:24:17.709 | INFO     | Search:search_referee:line:106 | UPDATE referee SET referee_url = 'https://wikipedia.org/wiki/Antony_Gautier'WHERE ID = 87
2024-07-21 18:24:22.348 | INFO     | Search:search_referee:line:89 | UPDATE referee SET referee_url = 'https://wikipedia.org/wiki/Willy_Delajod', referee_image_url = 'https://upload.wikimedia.org/wikipedia/commons/thumb/1/17/RC_Lens_-_FC_Metz_%2809-02-2019%29_70.jpg/120px-RC_Lens_-_FC_Metz_%2809-02-2019%29_70.jpg' WHERE ID = 88
2024-07-21 18:24:34.664 | INFO     | Search:search_referee:line:89 | UPDATE referee SET referee_url = 'https://wikipedia.org/wiki/List_of_FIFA_international_referees', referee_image_url = 'https://upload.wikimedia.org/wikipedia/commons/thumb/9/96/Fifa_2022_badge.jpg/120px-Fifa_2022_badge.jpg' WHERE ID = 91
2024-07-21 18:24:39.022 | INFO     | Search:search_referee:line:89 | UPDATE referee SET referee_url = 'https://wikipedia.org/wiki/Ruddy_Buquet', referee_image_url = 'https://upload.wikimedia.org/wikipedia/commons/thumb/6/66/Ruddy_Bucket_in_2019.jpg/150px-Ruddy_Bucket_in_2019.jpg' WHERE ID = 92
2024-07-21 18:24:56.639 | INFO     | Search:search_referee:line:89 | UPDATE referee SET referee_url = 'https://wikipedia.org/wiki/Paolo_Tagliavento', referee_image_url = 'https://upload.wikimedia.org/wikipedia/commons/thumb/d/d5/Paolo_Tagliavento_2017.jpg/150px-Paolo_Tagliavento_2017.jpg' WHERE ID = 96
2024-07-21 18:25:08.479 | INFO     | Search:search_referee:line:89 | UPDATE referee SET referee_url = 'https://wikipedia.org/wiki/Christian_Dingert', referee_image_url = 'https://upload.wikimedia.org/wikipedia/commons/thumb/e/e0/AUT_vs._SUI_2015-11-17_Christian_Dingert.jpg/90px-AUT_vs._SUI_2015-11-17_Christian_Dingert.jpg' WHERE ID = 99
2024-07-21 18:25:13.259 | INFO     | Search:search_referee:line:89 | UPDATE referee SET referee_url = 'https://wikipedia.org/wiki/Marco_Fritz', referee_image_url = 'https://upload.wikimedia.org/wikipedia/commons/thumb/8/8f/Fritz%2C_Marco_Schiedsrichter_08-09_WP.JPG/150px-Fritz%2C_Marco_Schiedsrichter_08-09_WP.JPG' WHERE ID = 100
2024-07-21 18:25:17.586 | INFO     | Search:search_referee:line:89 | UPDATE referee SET referee_url = 'https://wikipedia.org/wiki/Sven_Jablonski', referee_image_url = 'https://upload.wikimedia.org/wikipedia/commons/thumb/4/4a/Sven_Jablonski_%282018%29.jpg/180px-Sven_Jablonski_%282018%29.jpg' WHERE ID = 101
2024-07-21 18:25:20.303 | INFO     | Search:search_referee:line:89 | UPDATE referee SET referee_url = 'https://wikipedia.org/wiki/Robert_Hartmann_(referee)', referee_image_url = 'https://upload.wikimedia.org/wikipedia/commons/thumb/1/1f/2022-04-20_Fu%C3%9Fball%2C_M%C3%A4nner%2C_DFB-Pokal%2C_RB_Leipzig_-_1._FC_Union_Berlin_1DX_8168_by_Stepro.jpg/90px-2022-04-20_Fu%C3%9Fball%2C_M%C3%A4nner%2C_DFB-Pokal%2C_RB_Leipzig_-_1._FC_Union_Berlin_1DX_8168_by_Stepro.jpg' WHERE ID = 102
2024-07-21 18:25:23.394 | INFO     | Search:search_referee:line:89 | UPDATE referee SET referee_url = 'https://wikipedia.org/wiki/Bastian_Dankert', referee_image_url = 'https://upload.wikimedia.org/wikipedia/commons/thumb/3/3a/Dankert%2C_Bastian_Schiedsrichter_10-11_WP.JPG/150px-Dankert%2C_Bastian_Schiedsrichter_10-11_WP.JPG' WHERE ID = 103
2024-07-21 18:25:27.207 | INFO     | Search:search_referee:line:89 | UPDATE referee SET referee_url = 'https://wikipedia.org/wiki/Deniz_Aytekin', referee_image_url = 'https://upload.wikimedia.org/wikipedia/commons/thumb/0/00/Deniz_Aytekin.jpg/150px-Deniz_Aytekin.jpg' WHERE ID = 104
2024-07-21 18:25:29.756 | INFO     | Search:search_referee:line:89 | UPDATE referee SET referee_url = 'https://wikipedia.org/wiki/Tobias_Welz', referee_image_url = 'https://upload.wikimedia.org/wikipedia/commons/thumb/4/4d/Tobias_Wels_DFB_Schiedsrichter.jpeg/150px-Tobias_Wels_DFB_Schiedsrichter.jpeg' WHERE ID = 105
2024-07-21 18:25:33.969 | INFO     | Search:search_referee:line:89 | UPDATE referee SET referee_url = 'https://wikipedia.org/wiki/Harm_Osmers', referee_image_url = 'https://upload.wikimedia.org/wikipedia/commons/thumb/b/b2/Harm_Osmers_referee.jpg/150px-Harm_Osmers_referee.jpg' WHERE ID = 106
2024-07-21 18:25:44.104 | INFO     | Search:search_referee:line:89 | UPDATE referee SET referee_url = 'https://wikipedia.org/wiki/Tobias_Welz', referee_image_url = 'https://upload.wikimedia.org/wikipedia/commons/thumb/4/4d/Tobias_Wels_DFB_Schiedsrichter.jpeg/150px-Tobias_Wels_DFB_Schiedsrichter.jpeg' WHERE ID = 109
2024-07-21 18:25:48.038 | ERROR    | Search:search_referee:line:93 | Lack of referee_image_url for ID: '110'
2024-07-21 18:25:50.877 | INFO     | Search:search_referee:line:106 | UPDATE referee SET referee_url = 'https://wikipedia.org/wiki/Patrick_Ittrich'WHERE ID = 110
2024-07-21 18:26:03.064 | INFO     | Search:search_referee:line:89 | UPDATE referee SET referee_url = 'https://wikipedia.org/wiki/Sascha_Stegemann', referee_image_url = 'https://upload.wikimedia.org/wikipedia/commons/thumb/6/60/Sascha_Stegemann_-_2019202181104_2019-07-21_Champions_for_Charity_-_1706_-_B70I1741.jpg/150px-Sascha_Stegemann_-_2019202181104_2019-07-21_Champions_for_Charity_-_1706_-_B70I1741.jpg' WHERE ID = 113
2024-07-21 18:26:24.312 | INFO     | Search:search_referee:line:89 | UPDATE referee SET referee_url = 'https://wikipedia.org/wiki/Miguel_Cotto', referee_image_url = 'https://upload.wikimedia.org/wikipedia/commons/thumb/7/75/Miguel_Cotto.jpg/120px-Miguel_Cotto.jpg' WHERE ID = 118
2024-07-21 18:26:50.464 | INFO     | Search:search_referee:line:89 | UPDATE referee SET referee_url = 'https://wikipedia.org/wiki/Glenn_Nyberg', referee_image_url = 'https://upload.wikimedia.org/wikipedia/commons/thumb/7/70/Uruguay_1_Italia_0_a_Italia_-_Uruguay_campe%C3%B3n_Mundial_Sub_20_2023_230611-4401-jikatu_%2852990080163%29_%28cropped%29.jpg/120px-Uruguay_1_Italia_0_a_Italia_-_Uruguay_campe%C3%B3n_Mundial_Sub_20_2023_230611-4401-jikatu_%2852990080163%29_%28cropped%29.jpg' WHERE ID = 124
2024-07-21 18:27:55.654 | ERROR    | Search:search_referee:line:93 | Lack of referee_image_url for ID: '140'
2024-07-21 18:27:59.455 | INFO     | Search:search_referee:line:106 | UPDATE referee SET referee_url = 'https://wikipedia.org/wiki/Darren_England'WHERE ID = 140
2024-07-21 18:28:07.960 | ERROR    | Search:search_referee:line:93 | Lack of referee_image_url for ID: '142'
2024-07-21 18:28:15.127 | INFO     | Search:search_referee:line:106 | UPDATE referee SET referee_url = 'https://wikipedia.org/wiki/Jarred_Gillett'WHERE ID = 142
2024-07-21 18:28:23.287 | ERROR    | Search:search_referee:line:93 | Lack of referee_image_url for ID: '143'
2024-07-21 18:28:27.943 | INFO     | Search:search_referee:line:106 | UPDATE referee SET referee_url = 'https://wikipedia.org/wiki/Michael_Salisbury'WHERE ID = 143
2024-07-21 18:28:33.151 | INFO     | Search:search_referee:line:89 | UPDATE referee SET referee_url = 'https://wikipedia.org/wiki/Anthony_Joshua', referee_image_url = 'https://upload.wikimedia.org/wikipedia/commons/thumb/2/2b/Anthony_Joshua_2017.png/120px-Anthony_Joshua_2017.png' WHERE ID = 144
2024-07-21 18:28:45.419 | ERROR    | Search:search_referee:line:93 | Lack of referee_image_url for ID: '146'
2024-07-21 18:28:48.886 | INFO     | Search:search_referee:line:106 | UPDATE referee SET referee_url = 'https://wikipedia.org/wiki/John_Brooks_(referee)'WHERE ID = 146
2024-07-21 18:28:53.321 | INFO     | Search:search_referee:line:89 | UPDATE referee SET referee_url = 'https://wikipedia.org/wiki/Neil_Swarbrick', referee_image_url = 'https://upload.wikimedia.org/wikipedia/commons/thumb/d/df/Neil_Swarbrick_2013.jpg/180px-Neil_Swarbrick_2013.jpg' WHERE ID = 147
2024-07-21 18:28:57.096 | INFO     | Search:search_referee:line:89 | UPDATE referee SET referee_url = 'https://wikipedia.org/wiki/Bobby_Madley', referee_image_url = 'https://upload.wikimedia.org/wikipedia/commons/thumb/0/06/Robert_Madley_2015.jpg/120px-Robert_Madley_2015.jpg' WHERE ID = 148
2024-07-21 18:29:00.739 | ERROR    | Search:search_referee:line:93 | Lack of referee_image_url for ID: '149'
2024-07-21 18:29:03.493 | INFO     | Search:search_referee:line:106 | UPDATE referee SET referee_url = 'https://wikipedia.org/wiki/Roger_East_(referee)'WHERE ID = 149
2024-07-21 18:29:06.888 | INFO     | Search:search_referee:line:89 | UPDATE referee SET referee_url = 'https://wikipedia.org/wiki/Mike_Jones_(referee)', referee_image_url = 'https://upload.wikimedia.org/wikipedia/commons/thumb/4/4c/Mike-Jones-referee-cropped.jpg/150px-Mike-Jones-referee-cropped.jpg' WHERE ID = 150
2024-07-21 18:29:12.029 | INFO     | Search:search_referee:line:89 | UPDATE referee SET referee_url = 'https://wikipedia.org/wiki/Felix_Brych', referee_image_url = 'https://upload.wikimedia.org/wikipedia/commons/thumb/5/5f/Ser-Swi_%2826%29.jpg/120px-Ser-Swi_%2826%29.jpg' WHERE ID = 151
2024-07-21 18:29:19.514 | INFO     | Search:search_referee:line:89 | UPDATE referee SET referee_url = 'https://wikipedia.org/wiki/Aleksei_Kulbakov', referee_image_url = 'https://upload.wikimedia.org/wikipedia/commons/thumb/7/7b/Aleksei_Kulbakov.jpg/120px-Aleksei_Kulbakov.jpg' WHERE ID = 153
2024-07-21 18:29:27.299 | INFO     | Search:search_referee:line:89 | UPDATE referee SET referee_url = 'https://wikipedia.org/wiki/Sergei_Karasev', referee_image_url = 'https://upload.wikimedia.org/wikipedia/commons/thumb/9/99/Sergey_Karasev_2023.jpg/120px-Sergey_Karasev_2023.jpg' WHERE ID = 155
2024-07-21 18:29:36.835 | ERROR    | Search:search_referee:line:93 | Lack of referee_image_url for ID: '157'
2024-07-21 18:29:41.293 | INFO     | Search:search_referee:line:106 | UPDATE referee SET referee_url = 'https://wikipedia.org/wiki/Javier_Estrada'WHERE ID = 157
2024-07-21 18:29:56.966 | INFO     | Search:search_referee:line:89 | UPDATE referee SET referee_url = 'https://wikipedia.org/wiki/Benjamin_Cortus', referee_image_url = 'https://upload.wikimedia.org/wikipedia/commons/thumb/1/13/Benjamin_Cortus.jpg/120px-Benjamin_Cortus.jpg' WHERE ID = 161
2024-07-21 18:30:01.544 | ERROR    | Search:search_referee:line:93 | Lack of referee_image_url for ID: '162'
2024-07-21 18:30:05.153 | INFO     | Search:search_referee:line:106 | UPDATE referee SET referee_url = 'https://wikipedia.org/wiki/Markus_Schmidt_(referee)'WHERE ID = 162
2024-07-21 18:30:08.128 | INFO     | Search:search_referee:line:89 | UPDATE referee SET referee_url = 'https://wikipedia.org/wiki/Benjamin_Brand', referee_image_url = 'https://upload.wikimedia.org/wikipedia/commons/thumb/1/18/2023-08-12_TSV_Schott_Mainz_gegen_Borussia_Dortmund_%28DFB-Pokal_2023-24%29_by_Sandro_Halank%E2%80%93160.jpg/200px-2023-08-12_TSV_Schott_Mainz_gegen_Borussia_Dortmund_%28DFB-Pokal_2023-24%29_by_Sandro_Halank%E2%80%93160.jpg' WHERE ID = 163
2024-07-21 18:30:19.526 | INFO     | Search:search_referee:line:89 | UPDATE referee SET referee_url = 'https://wikipedia.org/wiki/Guido_Winkmann', referee_image_url = 'https://upload.wikimedia.org/wikipedia/commons/thumb/6/66/Guido_Winkmann%2C_2010-01.JPG/150px-Guido_Winkmann%2C_2010-01.JPG' WHERE ID = 166
2024-07-21 18:30:23.771 | INFO     | Search:search_referee:line:89 | UPDATE referee SET referee_url = 'https://wikipedia.org/wiki/Frank_Willenborg', referee_image_url = 'https://upload.wikimedia.org/wikipedia/commons/thumb/1/10/Willenborg%2C_Frank_Schiedsrichter_08-09_WP.JPG/150px-Willenborg%2C_Frank_Schiedsrichter_08-09_WP.JPG' WHERE ID = 167
2024-07-21 18:30:27.385 | INFO     | Search:search_referee:line:89 | UPDATE referee SET referee_url = 'https://wikipedia.org/wiki/Martin_Petersen', referee_image_url = 'https://upload.wikimedia.org/wikipedia/commons/thumb/7/7f/Petersen%2C_Martin_Schiedsrichter_13-14_WP_%282%29.JPG/150px-Petersen%2C_Martin_Schiedsrichter_13-14_WP_%282%29.JPG' WHERE ID = 168
2024-07-21 18:30:30.666 | ERROR    | Search:search_referee:line:93 | Lack of referee_image_url for ID: '169'
2024-07-21 18:30:34.348 | INFO     | Search:search_referee:line:106 | UPDATE referee SET referee_url = 'https://wikipedia.org/wiki/Thomas_Bramall'WHERE ID = 169
2024-07-21 18:30:39.497 | ERROR    | Search:search_referee:line:93 | Lack of referee_image_url for ID: '170'
2024-07-21 18:30:44.691 | INFO     | Search:search_referee:line:106 | UPDATE referee SET referee_url = 'https://wikipedia.org/wiki/Robert_Jones_(referee)'WHERE ID = 170
2024-07-21 18:30:50.160 | ERROR    | Search:search_referee:line:93 | Lack of referee_image_url for ID: '171'
2024-07-21 18:30:54.258 | INFO     | Search:search_referee:line:106 | UPDATE referee SET referee_url = 'https://wikipedia.org/wiki/Tony_Harrington'WHERE ID = 171
2024-07-21 18:31:09.113 | INFO     | Search:search_referee:line:89 | UPDATE referee SET referee_url = 'https://wikipedia.org/wiki/Lee_Probert', referee_image_url = 'https://upload.wikimedia.org/wikipedia/commons/thumb/4/4c/Lee_Probert_Liverpool_vs_Bolton.jpg/150px-Lee_Probert_Liverpool_vs_Bolton.jpg' WHERE ID = 174
2024-07-21 18:31:24.459 | ERROR    | Search:search_referee:line:93 | Lack of referee_image_url for ID: '178'
2024-07-21 18:31:28.183 | INFO     | Search:search_referee:line:106 | UPDATE referee SET referee_url = 'https://wikipedia.org/wiki/Gustavo'WHERE ID = 178
2024-07-21 18:31:32.402 | INFO     | Search:search_referee:line:89 | UPDATE referee SET referee_url = 'https://wikipedia.org/wiki/List_of_FIFA_international_referees', referee_image_url = 'https://upload.wikimedia.org/wikipedia/commons/thumb/9/96/Fifa_2022_badge.jpg/120px-Fifa_2022_badge.jpg' WHERE ID = 179
2024-07-21 18:31:51.443 | INFO     | Search:search_referee:line:89 | UPDATE referee SET referee_url = 'https://wikipedia.org/wiki/Damir_Skomina', referee_image_url = 'https://upload.wikimedia.org/wikipedia/commons/thumb/d/df/Damir_Skomina.jpg/120px-Damir_Skomina.jpg' WHERE ID = 184
2024-07-21 18:31:55.465 | INFO     | Search:search_referee:line:89 | UPDATE referee SET referee_url = 'https://wikipedia.org/wiki/Anastasios_Sidiropoulos', referee_image_url = 'https://upload.wikimedia.org/wikipedia/commons/thumb/6/6c/Anastasios-sidiropoulos-2021.png/120px-Anastasios-sidiropoulos-2021.png' WHERE ID = 185
2024-07-21 18:31:58.936 | ERROR    | Search:search_referee:line:93 | Lack of referee_image_url for ID: '186'
2024-07-21 18:32:01.672 | INFO     | Search:search_referee:line:106 | UPDATE referee SET referee_url = 'https://wikipedia.org/wiki/Jakob_Kehlet'WHERE ID = 186
2024-07-21 18:32:06.857 | INFO     | Search:search_referee:line:89 | UPDATE referee SET referee_url = 'https://wikipedia.org/wiki/Bobby_Madden', referee_image_url = 'https://upload.wikimedia.org/wikipedia/commons/thumb/0/0f/Bobby_Madden_2019.jpg/150px-Bobby_Madden_2019.jpg' WHERE ID = 187
2024-07-21 18:32:14.701 | ERROR    | Search:search_referee:line:93 | Lack of referee_image_url for ID: '189'
2024-07-21 18:32:17.378 | INFO     | Search:search_referee:line:106 | UPDATE referee SET referee_url = 'https://wikipedia.org/wiki/Viktor_Kassai'WHERE ID = 189
2024-07-21 18:32:21.634 | INFO     | Search:search_referee:line:89 | UPDATE referee SET referee_url = 'https://wikipedia.org/wiki/Matej_Jug', referee_image_url = 'https://upload.wikimedia.org/wikipedia/commons/thumb/b/b4/2014-05-30_Austria_-_Iceland_football_match%2C_Matej_Jug_0172.jpg/120px-2014-05-30_Austria_-_Iceland_football_match%2C_Matej_Jug_0172.jpg' WHERE ID = 190
2024-07-21 18:32:29.289 | INFO     | Search:search_referee:line:89 | UPDATE referee SET referee_url = 'https://wikipedia.org/wiki/Georgi_Kabakov', referee_image_url = 'https://upload.wikimedia.org/wikipedia/commons/thumb/5/58/Georgi_Kabakov_fifa_referee..jpg/150px-Georgi_Kabakov_fifa_referee..jpg' WHERE ID = 192
2024-07-21 18:32:37.557 | ERROR    | Search:search_referee:line:93 | Lack of referee_image_url for ID: '194'
2024-07-21 18:32:41.528 | INFO     | Search:search_referee:line:106 | UPDATE referee SET referee_url = 'https://wikipedia.org/wiki/Ruiz'WHERE ID = 194
2024-07-21 18:32:49.463 | INFO     | Search:search_referee:line:89 | UPDATE referee SET referee_url = 'https://wikipedia.org/wiki/Jonas_Eriksson_(referee)', referee_image_url = 'https://upload.wikimedia.org/wikipedia/commons/thumb/0/05/Jonas_Eriksson_%28Arbitro_Svedese_in_champions_league%29.jpg/120px-Jonas_Eriksson_%28Arbitro_Svedese_in_champions_league%29.jpg' WHERE ID = 196
2024-07-21 18:32:53.505 | ERROR    | Search:search_referee:line:93 | Lack of referee_image_url for ID: '197'
2024-07-21 18:32:58.095 | INFO     | Search:search_referee:line:106 | UPDATE referee SET referee_url = 'https://wikipedia.org/wiki/Tom_Leonard'WHERE ID = 197
2024-07-21 18:33:05.963 | INFO     | Search:search_referee:line:89 | UPDATE referee SET referee_url = 'https://wikipedia.org/wiki/Bibiana_Steinhaus', referee_image_url = 'https://upload.wikimedia.org/wikipedia/commons/thumb/0/0f/Bibiana_Steinhaus.JPG/220px-Bibiana_Steinhaus.JPG' WHERE ID = 199
2024-07-21 18:33:09.585 | ERROR    | Search:search_referee:line:93 | Lack of referee_image_url for ID: '200'
2024-07-21 18:33:13.582 | INFO     | Search:search_referee:line:106 | UPDATE referee SET referee_url = 'https://wikipedia.org/wiki/Robert_Kampka'WHERE ID = 200
2024-07-21 18:33:16.498 | INFO     | Search:search_referee:line:89 | UPDATE referee SET referee_url = 'https://wikipedia.org/wiki/Robert_Hartmann_(referee)', referee_image_url = 'https://upload.wikimedia.org/wikipedia/commons/thumb/1/1f/2022-04-20_Fu%C3%9Fball%2C_M%C3%A4nner%2C_DFB-Pokal%2C_RB_Leipzig_-_1._FC_Union_Berlin_1DX_8168_by_Stepro.jpg/90px-2022-04-20_Fu%C3%9Fball%2C_M%C3%A4nner%2C_DFB-Pokal%2C_RB_Leipzig_-_1._FC_Union_Berlin_1DX_8168_by_Stepro.jpg' WHERE ID = 201
