2024-07-21 19:18:53.141 | ERROR    | Search:search_venue:line:188 | Lack of venue_image_url for ID: '1'
2024-07-21 19:18:57.932 | ERROR    | Search:search_venue:line:203 | Error Occured: 'NoneType' object has no attribute 'find'
2024-07-21 19:18:57.932 | ERROR    | Search:search_venue:line:204 | Error ID: '1'
2024-07-21 19:19:01.099 | ERROR    | Search:search_venue:line:188 | Lack of venue_image_url for ID: '2'
2024-07-21 19:19:03.744 | ERROR    | Search:search_venue:line:203 | Error Occured: 'NoneType' object has no attribute 'find'
2024-07-21 19:19:03.744 | ERROR    | Search:search_venue:line:204 | Error ID: '2'
2024-07-21 19:19:08.905 | ERROR    | Search:search_venue:line:188 | Lack of venue_image_url for ID: '3'
2024-07-21 19:19:12.058 | ERROR    | Search:search_venue:line:203 | Error Occured: 'NoneType' object has no attribute 'find'
2024-07-21 19:19:12.058 | ERROR    | Search:search_venue:line:204 | Error ID: '3'
2024-07-21 19:19:16.761 | ERROR    | Search:search_venue:line:188 | Lack of venue_image_url for ID: '4'
2024-07-21 19:19:20.111 | ERROR    | Search:search_venue:line:203 | Error Occured: 'NoneType' object has no attribute 'find'
2024-07-21 19:19:20.112 | ERROR    | Search:search_venue:line:204 | Error ID: '4'
2024-07-21 19:19:25.782 | ERROR    | Search:search_venue:line:188 | Lack of venue_image_url for ID: '5'
2024-07-21 19:19:28.028 | ERROR    | Search:search_venue:line:203 | Error Occured: 'NoneType' object has no attribute 'find'
2024-07-21 19:19:28.028 | ERROR    | Search:search_venue:line:204 | Error ID: '5'
2024-07-21 19:19:30.802 | ERROR    | Search:search_venue:line:188 | Lack of venue_image_url for ID: '6'
2024-07-21 19:19:32.976 | ERROR    | Search:search_venue:line:203 | Error Occured: 'NoneType' object has no attribute 'find'
2024-07-21 19:19:32.976 | ERROR    | Search:search_venue:line:204 | Error ID: '6'
2024-07-21 19:19:38.389 | ERROR    | Search:search_venue:line:188 | Lack of venue_image_url for ID: '7'
2024-07-21 19:19:41.745 | ERROR    | Search:search_venue:line:203 | Error Occured: 'NoneType' object has no attribute 'find'
2024-07-21 19:19:41.745 | ERROR    | Search:search_venue:line:204 | Error ID: '7'
2024-07-21 19:19:44.706 | ERROR    | Search:search_venue:line:188 | Lack of venue_image_url for ID: '8'
2024-07-21 19:19:46.801 | ERROR    | Search:search_venue:line:203 | Error Occured: 'NoneType' object has no attribute 'find'
2024-07-21 19:19:46.802 | ERROR    | Search:search_venue:line:204 | Error ID: '8'
2024-07-21 19:19:52.128 | ERROR    | Search:search_venue:line:188 | Lack of venue_image_url for ID: '9'
2024-07-21 19:19:56.329 | ERROR    | Search:search_venue:line:203 | Error Occured: 'NoneType' object has no attribute 'find'
2024-07-21 19:19:56.329 | ERROR    | Search:search_venue:line:204 | Error ID: '9'
2024-07-24 10:54:53.980 | INFO     | Search:search_venue:line:185 | UPDATE venue SET venue_url = 'https://wikipedia.org/wiki/Stadio_Olimpico', venue_image_url = 'https://upload.wikimedia.org/wikipedia/commons/thumb/5/5f/Stadio_Olimpico_2024.jpg/180px-Stadio_Olimpico_2024.jpg' WHERE ID = 1
2024-07-24 10:54:56.805 | ERROR    | Search:search_venue:line:189 | Lack of venue_image_url for ID: '2'
2024-07-24 10:54:58.953 | ERROR    | Search:search_venue:line:204 | Error Occured: 'NoneType' object has no attribute 'find'
2024-07-24 10:54:58.954 | ERROR    | Search:search_venue:line:205 | Error ID: '2'
2024-07-24 10:55:02.081 | INFO     | Search:search_venue:line:185 | UPDATE venue SET venue_url = 'https://wikipedia.org/wiki/Stadio_Carlo_Castellani', venue_image_url = 'https://upload.wikimedia.org/wikipedia/commons/thumb/3/3a/Empoli_-_maratona_dello_Stadio_Castellani.jpg/200px-Empoli_-_maratona_dello_Stadio_Castellani.jpg' WHERE ID = 3
2024-07-24 10:55:03.894 | INFO     | Search:search_venue:line:185 | UPDATE venue SET venue_url = 'https://wikipedia.org/wiki/Stadio_Olimpico', venue_image_url = 'https://upload.wikimedia.org/wikipedia/commons/thumb/5/5f/Stadio_Olimpico_2024.jpg/180px-Stadio_Olimpico_2024.jpg' WHERE ID = 4
2024-07-24 10:55:06.787 | INFO     | Search:search_venue:line:185 | UPDATE venue SET venue_url = 'https://wikipedia.org/wiki/San_Siro', venue_image_url = 'https://upload.wikimedia.org/wikipedia/commons/thumb/1/17/Stadio_Meazza_2021_3.jpg/150px-Stadio_Meazza_2021_3.jpg' WHERE ID = 5
2024-07-24 10:55:10.094 | INFO     | Search:search_venue:line:185 | UPDATE venue SET venue_url = 'https://wikipedia.org/wiki/San_Siro', venue_image_url = 'https://upload.wikimedia.org/wikipedia/commons/thumb/1/17/Stadio_Meazza_2021_3.jpg/150px-Stadio_Meazza_2021_3.jpg' WHERE ID = 6
2024-07-24 10:55:13.149 | INFO     | Search:search_venue:line:185 | UPDATE venue SET venue_url = 'https://wikipedia.org/wiki/Stadio_Diego_Armando_Maradona', venue_image_url = 'https://upload.wikimedia.org/wikipedia/commons/thumb/7/71/Stadio_Maradona_Serie_A.jpg/200px-Stadio_Maradona_Serie_A.jpg' WHERE ID = 7
2024-07-24 10:55:16.042 | INFO     | Search:search_venue:line:185 | UPDATE venue SET venue_url = 'https://wikipedia.org/wiki/Stadio_Artemio_Franchi', venue_image_url = 'https://upload.wikimedia.org/wikipedia/commons/thumb/a/aa/Soccer_in_Florence%2C_Italy%2C_2007.jpg/180px-Soccer_in_Florence%2C_Italy%2C_2007.jpg' WHERE ID = 8
2024-07-24 10:55:22.509 | INFO     | Search:search_venue:line:185 | UPDATE venue SET venue_url = 'https://wikipedia.org/wiki/Stadio_Luigi_Ferraris', venue_image_url = 'https://upload.wikimedia.org/wikipedia/commons/thumb/3/3d/Stadio_Luigi_Ferraris_di_Genova.jpg/150px-Stadio_Luigi_Ferraris_di_Genova.jpg' WHERE ID = 10
2024-07-24 10:55:26.312 | INFO     | Search:search_venue:line:185 | UPDATE venue SET venue_url = 'https://wikipedia.org/wiki/Unipol_Domus', venue_image_url = 'https://upload.wikimedia.org/wikipedia/commons/thumb/e/eb/SardegnaArena.jpeg/300px-SardegnaArena.jpeg' WHERE ID = 11
2024-07-24 10:55:29.004 | INFO     | Search:search_venue:line:185 | UPDATE venue SET venue_url = 'https://wikipedia.org/wiki/Stadio_Friuli', venue_image_url = 'https://upload.wikimedia.org/wikipedia/commons/thumb/6/69/DaciArena.jpg/150px-DaciArena.jpg' WHERE ID = 12
2024-07-24 10:55:32.384 | INFO     | Search:search_venue:line:185 | UPDATE venue SET venue_url = 'https://wikipedia.org/wiki/Stadio_Olimpico_Grande_Torino', venue_image_url = 'https://upload.wikimedia.org/wikipedia/commons/thumb/9/99/Juventus_v_Chelsea%2C_Champions_League%2C_Stadio_Olimpico%2C_Turin%2C_2009.jpg/120px-Juventus_v_Chelsea%2C_Champions_League%2C_Stadio_Olimpico%2C_Turin%2C_2009.jpg' WHERE ID = 13
2024-07-24 10:55:35.116 | INFO     | Search:search_venue:line:185 | UPDATE venue SET venue_url = 'https://wikipedia.org/wiki/Stadio_Luigi_Ferraris', venue_image_url = 'https://upload.wikimedia.org/wikipedia/commons/thumb/3/3d/Stadio_Luigi_Ferraris_di_Genova.jpg/150px-Stadio_Luigi_Ferraris_di_Genova.jpg' WHERE ID = 14
2024-07-24 10:55:38.364 | INFO     | Search:search_venue:line:185 | UPDATE venue SET venue_url = 'https://wikipedia.org/wiki/Stadio_Ennio_Tardini', venue_image_url = 'https://upload.wikimedia.org/wikipedia/commons/thumb/5/59/Stadio_Ennio_Tardini_%28Parma%29_-_arco_d%27ingresso_2_2020-02-08.jpg/120px-Stadio_Ennio_Tardini_%28Parma%29_-_arco_d%27ingresso_2_2020-02-08.jpg' WHERE ID = 15
2024-07-24 10:55:42.213 | INFO     | Search:search_venue:line:185 | UPDATE venue SET venue_url = 'https://wikipedia.org/wiki/Stadio_Benito_Stirpe', venue_image_url = 'https://upload.wikimedia.org/wikipedia/commons/thumb/a/ad/Benito_Stirpe_panoramica_Frosinone_Foggia.JPG/180px-Benito_Stirpe_panoramica_Frosinone_Foggia.JPG' WHERE ID = 16
2024-07-24 10:55:44.150 | INFO     | Search:search_venue:line:185 | UPDATE venue SET venue_url = 'https://wikipedia.org/wiki/Tottenham_Hotspur_Stadium', venue_image_url = 'https://upload.wikimedia.org/wikipedia/commons/thumb/b/be/London_Tottenham_Hotspur_Stadium.jpg/150px-London_Tottenham_Hotspur_Stadium.jpg' WHERE ID = 17
2024-07-24 10:55:47.704 | INFO     | Search:search_venue:line:185 | UPDATE venue SET venue_url = 'https://wikipedia.org/wiki/City_of_Manchester_Stadium', venue_image_url = 'https://upload.wikimedia.org/wikipedia/commons/thumb/1/18/Manchester_city_etihad_stadium_%28cropped%29.jpg/150px-Manchester_city_etihad_stadium_%28cropped%29.jpg' WHERE ID = 18
2024-07-24 10:55:51.385 | INFO     | Search:search_venue:line:185 | UPDATE venue SET venue_url = 'https://wikipedia.org/wiki/Turf_Moor', venue_image_url = 'https://upload.wikimedia.org/wikipedia/commons/thumb/f/f0/Turf_Moor_-_Harry_Potts_Way_%28east%29.jpg/180px-Turf_Moor_-_Harry_Potts_Way_%28east%29.jpg' WHERE ID = 19
2024-07-24 10:55:53.628 | INFO     | Search:search_venue:line:185 | UPDATE venue SET venue_url = 'https://wikipedia.org/wiki/Old_Trafford', venue_image_url = 'https://upload.wikimedia.org/wikipedia/commons/thumb/3/33/Manchester_United_Panorama_%288051523746%29.jpg/200px-Manchester_United_Panorama_%288051523746%29.jpg' WHERE ID = 20
2024-07-24 10:55:56.816 | INFO     | Search:search_venue:line:185 | UPDATE venue SET venue_url = 'https://wikipedia.org/wiki/Elland_Road', venue_image_url = 'https://upload.wikimedia.org/wikipedia/commons/thumb/7/78/Leeds_elland_road_stadium.jpg/150px-Leeds_elland_road_stadium.jpg' WHERE ID = 21
2024-07-24 10:55:58.971 | INFO     | Search:search_venue:line:185 | UPDATE venue SET venue_url = 'https://wikipedia.org/wiki/Goodison_Park', venue_image_url = 'https://upload.wikimedia.org/wikipedia/commons/thumb/e/ed/Liverpool_fc_everton_stadium.jpg/150px-Liverpool_fc_everton_stadium.jpg' WHERE ID = 22
2024-07-24 10:56:02.805 | INFO     | Search:search_venue:line:185 | UPDATE venue SET venue_url = 'https://wikipedia.org/wiki/Carrow_Road', venue_image_url = 'https://upload.wikimedia.org/wikipedia/commons/thumb/7/7b/Carrow_Road_exterior.jpg/150px-Carrow_Road_exterior.jpg' WHERE ID = 23
2024-07-24 10:56:05.618 | INFO     | Search:search_venue:line:185 | UPDATE venue SET venue_url = 'https://wikipedia.org/wiki/Falmer_Stadium', venue_image_url = 'https://upload.wikimedia.org/wikipedia/commons/thumb/b/bb/Falmer_Stadium_-_night.jpg/150px-Falmer_Stadium_-_night.jpg' WHERE ID = 24
2024-07-24 10:56:08.386 | INFO     | Search:search_venue:line:185 | UPDATE venue SET venue_url = 'https://wikipedia.org/wiki/London_Stadium', venue_image_url = 'https://upload.wikimedia.org/wikipedia/commons/thumb/3/34/London_Olympic_Stadium_West_Ham.jpg/150px-London_Olympic_Stadium_West_Ham.jpg' WHERE ID = 25
2024-07-24 10:56:14.004 | INFO     | Search:search_venue:line:185 | UPDATE venue SET venue_url = 'https://wikipedia.org/wiki/King_Power_Stadium', venue_image_url = 'https://upload.wikimedia.org/wikipedia/commons/thumb/0/00/Leicester_city_king_power_stadium.jpg/150px-Leicester_city_king_power_stadium.jpg' WHERE ID = 27
2024-07-24 10:56:16.452 | INFO     | Search:search_venue:line:185 | UPDATE venue SET venue_url = 'https://wikipedia.org/wiki/Battle_of_Stamford_Bridge', venue_image_url = 'https://upload.wikimedia.org/wikipedia/commons/thumb/4/4f/Battle_of_Stamford_Bridge%2C_full.png/180px-Battle_of_Stamford_Bridge%2C_full.png' WHERE ID = 28
2024-07-24 10:56:19.607 | INFO     | Search:search_venue:line:185 | UPDATE venue SET venue_url = 'https://wikipedia.org/wiki/Emirates_Stadium', venue_image_url = 'https://upload.wikimedia.org/wikipedia/commons/thumb/2/29/London_Emirates_Stadium_arsenal.jpg/150px-London_Emirates_Stadium_arsenal.jpg' WHERE ID = 29
2024-07-24 10:56:22.400 | INFO     | Search:search_venue:line:185 | UPDATE venue SET venue_url = 'https://wikipedia.org/wiki/Anfield', venue_image_url = 'https://upload.wikimedia.org/wikipedia/commons/thumb/0/02/Panorama_of_Anfield_with_new_main_stand_%2829676137824%29.jpg/150px-Panorama_of_Anfield_with_new_main_stand_%2829676137824%29.jpg' WHERE ID = 30
2024-07-24 10:56:29.109 | INFO     | Search:search_venue:line:185 | UPDATE venue SET venue_url = 'https://wikipedia.org/wiki/Brentford_Community_Stadium', venue_image_url = 'https://upload.wikimedia.org/wikipedia/commons/thumb/f/ff/Brentford_Community_Stadium_2020.jpg/150px-Brentford_Community_Stadium_2020.jpg' WHERE ID = 32
2024-07-24 10:56:31.723 | INFO     | Search:search_venue:line:185 | UPDATE venue SET venue_url = 'https://wikipedia.org/wiki/Villa_Park', venue_image_url = 'https://upload.wikimedia.org/wikipedia/commons/thumb/f/fe/Birmingham_aston_villa_park_stadium.jpg/150px-Birmingham_aston_villa_park_stadium.jpg' WHERE ID = 33
2024-07-24 10:56:33.835 | INFO     | Search:search_venue:line:185 | UPDATE venue SET venue_url = 'https://wikipedia.org/wiki/Vicarage_Road', venue_image_url = 'https://upload.wikimedia.org/wikipedia/commons/thumb/1/16/Vicarage_Road_2015.jpg/180px-Vicarage_Road_2015.jpg' WHERE ID = 34
2024-07-24 10:56:36.605 | INFO     | Search:search_venue:line:185 | UPDATE venue SET venue_url = 'https://wikipedia.org/wiki/Selhurst_Park', venue_image_url = 'https://upload.wikimedia.org/wikipedia/commons/thumb/4/47/London_Selhurst_Park_crystal_palace_stadium_aerialview.JPG/150px-London_Selhurst_Park_crystal_palace_stadium_aerialview.JPG' WHERE ID = 35
2024-07-24 10:56:40.473 | INFO     | Search:search_venue:line:185 | UPDATE venue SET venue_url = 'https://wikipedia.org/wiki/Stadio_Ciro_Vigorito', venue_image_url = 'https://upload.wikimedia.org/wikipedia/commons/thumb/3/33/Benevento_BN%2C_Italy_-_panoramio_-_RobyP_%289%29.jpg/120px-Benevento_BN%2C_Italy_-_panoramio_-_RobyP_%289%29.jpg' WHERE ID = 36
2024-07-24 10:56:43.794 | INFO     | Search:search_venue:line:185 | UPDATE venue SET venue_url = 'https://wikipedia.org/wiki/Stadio_Alberto_Picco', venue_image_url = 'https://upload.wikimedia.org/wikipedia/commons/thumb/0/0e/Stadio_Alberto_Picco_La_Spezia.jpg/120px-Stadio_Alberto_Picco_La_Spezia.jpg' WHERE ID = 37
2024-07-24 10:56:47.078 | INFO     | Search:search_venue:line:185 | UPDATE venue SET venue_url = 'https://wikipedia.org/wiki/Stadio_Marcantonio_Bentegodi', venue_image_url = 'https://upload.wikimedia.org/wikipedia/commons/thumb/e/e5/Italy_-_Verona_-_Stadio_Marcantonio_Bentegodi.jpg/150px-Italy_-_Verona_-_Stadio_Marcantonio_Bentegodi.jpg' WHERE ID = 38
2024-07-24 10:56:53.133 | ERROR    | Search:search_venue:line:189 | Lack of venue_image_url for ID: '40'
2024-07-24 10:56:57.651 | ERROR    | Search:search_venue:line:204 | Error Occured: 'NoneType' object has no attribute 'find'
2024-07-24 10:56:57.652 | ERROR    | Search:search_venue:line:205 | Error ID: '40'
2024-07-24 10:57:00.420 | INFO     | Search:search_venue:line:185 | UPDATE venue SET venue_url = 'https://wikipedia.org/wiki/Molineux_Stadium', venue_image_url = 'https://upload.wikimedia.org/wikipedia/commons/thumb/3/35/MolineuxStadium2022.jpg/150px-MolineuxStadium2022.jpg' WHERE ID = 41
2024-07-24 10:57:03.637 | INFO     | Search:search_venue:line:185 | UPDATE venue SET venue_url = 'https://wikipedia.org/wiki/Bramall_Lane', venue_image_url = 'https://upload.wikimedia.org/wikipedia/commons/thumb/b/b0/Sheffield_united_bramall_lane_stadium.jpg/150px-Sheffield_united_bramall_lane_stadium.jpg' WHERE ID = 42
2024-07-24 10:57:11.318 | ERROR    | Search:search_venue:line:189 | Lack of venue_image_url for ID: '44'
2024-07-24 10:57:14.874 | ERROR    | Search:search_venue:line:204 | Error Occured: 'NoneType' object has no attribute 'find'
2024-07-24 10:57:14.874 | ERROR    | Search:search_venue:line:205 | Error ID: '44'
2024-07-24 10:57:18.218 | INFO     | Search:search_venue:line:185 | UPDATE venue SET venue_url = 'https://wikipedia.org/wiki/Vazgen_Sargsyan_Republican_Stadium', venue_image_url = 'https://upload.wikimedia.org/wikipedia/commons/thumb/2/20/Armenia_vs_Portugal%2C_13_June_2015%2C_V._Sargsyan_Rep._Stad._Yerevan_%2812%29.jpg/180px-Armenia_vs_Portugal%2C_13_June_2015%2C_V._Sargsyan_Rep._Stad._Yerevan_%2812%29.jpg' WHERE ID = 45
2024-07-24 10:57:22.350 | INFO     | Search:search_venue:line:185 | UPDATE venue SET venue_url = 'https://wikipedia.org/wiki/Red_Bull_Arena_(Leipzig)', venue_image_url = 'https://upload.wikimedia.org/wikipedia/commons/thumb/c/ca/Leipzig_stadium.jpg/150px-Leipzig_stadium.jpg' WHERE ID = 46
2024-07-24 10:57:28.659 | INFO     | Search:search_venue:line:185 | UPDATE venue SET venue_url = 'https://wikipedia.org/wiki/Tofiq_Bahramov_Republican_Stadium', venue_image_url = 'https://upload.wikimedia.org/wikipedia/commons/thumb/d/de/National_Stadium_named_after_Tofig_Bahramov_after_major_overhaul_and_reconstruction.jpg/150px-National_Stadium_named_after_Tofig_Bahramov_after_major_overhaul_and_reconstruction.jpg' WHERE ID = 48
2024-07-24 10:57:31.242 | INFO     | Search:search_venue:line:185 | UPDATE venue SET venue_url = 'https://wikipedia.org/wiki/Allianz_Arena', venue_image_url = 'https://upload.wikimedia.org/wikipedia/commons/thumb/e/e9/Allianz_Arena_2008-02-09.jpg/180px-Allianz_Arena_2008-02-09.jpg' WHERE ID = 49
2024-07-24 10:57:33.938 | INFO     | Search:search_venue:line:185 | UPDATE venue SET venue_url = 'https://wikipedia.org/wiki/Doosan_Arena', venue_image_url = 'https://upload.wikimedia.org/wikipedia/commons/thumb/4/40/Doosan_Arena_Plze%C5%881.jpg/180px-Doosan_Arena_Plze%C5%881.jpg' WHERE ID = 50
2024-07-24 10:57:42.662 | INFO     | Search:search_venue:line:185 | UPDATE venue SET venue_url = 'https://wikipedia.org/wiki/BayArena', venue_image_url = 'https://upload.wikimedia.org/wikipedia/commons/thumb/e/ef/Bayarena_Leverkusen_2020.jpg/180px-Bayarena_Leverkusen_2020.jpg' WHERE ID = 53
2024-07-24 10:57:45.960 | INFO     | Search:search_venue:line:185 | UPDATE venue SET venue_url = 'https://wikipedia.org/wiki/Stadion_Maksimir', venue_image_url = 'https://upload.wikimedia.org/wikipedia/commons/thumb/4/4b/Stadion_Maksimir_panoramics_13-07-2011.jpg/250px-Stadion_Maksimir_panoramics_13-07-2011.jpg' WHERE ID = 54
2024-07-24 10:57:52.288 | INFO     | Search:search_venue:line:185 | UPDATE venue SET venue_url = 'https://wikipedia.org/wiki/Aspmyra_Stadion', venue_image_url = 'https://upload.wikimedia.org/wikipedia/commons/thumb/e/e5/Aspmyra_stadion.jpg/120px-Aspmyra_stadion.jpg' WHERE ID = 56
2024-07-24 10:57:55.166 | ERROR    | Search:search_venue:line:189 | Lack of venue_image_url for ID: '57'
2024-07-24 10:57:58.877 | ERROR    | Search:search_venue:line:204 | Error Occured: 'NoneType' object has no attribute 'find'
2024-07-24 10:57:58.878 | ERROR    | Search:search_venue:line:205 | Error ID: '57'
2024-07-24 10:58:02.359 | INFO     | Search:search_venue:line:185 | UPDATE venue SET venue_url = 'https://wikipedia.org/wiki/Red_Star_Stadium', venue_image_url = 'https://upload.wikimedia.org/wikipedia/commons/thumb/a/a3/Fk_Red_Star_stadium.jpg/150px-Fk_Red_Star_stadium.jpg' WHERE ID = 58
2024-07-24 10:58:10.638 | INFO     | Search:search_venue:line:185 | UPDATE venue SET venue_url = 'https://wikipedia.org/wiki/Jan_Breydel_Stadium', venue_image_url = 'https://upload.wikimedia.org/wikipedia/commons/thumb/0/08/Panoramio_-_V%26A_Dudush_-_Jan_Breydel_Stadion.jpg/150px-Panoramio_-_V%26A_Dudush_-_Jan_Breydel_Stadion.jpg' WHERE ID = 61
2024-07-24 10:58:13.968 | INFO     | Search:search_venue:line:185 | UPDATE venue SET venue_url = 'https://wikipedia.org/wiki/Parc_des_Princes', venue_image_url = 'https://upload.wikimedia.org/wikipedia/en/thumb/8/8b/Paris_Le_Parc_des_Princes_%28cropped%29.jpg/180px-Paris_Le_Parc_des_Princes_%28cropped%29.jpg' WHERE ID = 62
2024-07-24 10:58:16.760 | INFO     | Search:search_venue:line:185 | UPDATE venue SET venue_url = 'https://wikipedia.org/wiki/Celtic_Park', venue_image_url = 'https://upload.wikimedia.org/wikipedia/commons/thumb/b/be/Celtic_Park_from_the_air_%28geograph_7132554%29.jpg/120px-Celtic_Park_from_the_air_%28geograph_7132554%29.jpg' WHERE ID = 63
2024-07-24 10:58:19.988 | INFO     | Search:search_venue:line:185 | UPDATE venue SET venue_url = 'https://wikipedia.org/wiki/Westfalenstadion', venue_image_url = 'https://upload.wikimedia.org/wikipedia/commons/thumb/9/95/Westfalenstadion_Dortmund.jpg/180px-Westfalenstadion_Dortmund.jpg' WHERE ID = 64
2024-07-24 10:58:23.082 | INFO     | Search:search_venue:line:185 | UPDATE venue SET venue_url = 'https://wikipedia.org/wiki/Red_Bull_Arena_(New_Jersey)', venue_image_url = 'https://upload.wikimedia.org/wikipedia/commons/thumb/e/e1/Red_Bull_Arena_Harrison_behind_goal.jpg/150px-Red_Bull_Arena_Harrison_behind_goal.jpg' WHERE ID = 65
2024-07-24 10:58:25.746 | INFO     | Search:search_venue:line:185 | UPDATE venue SET venue_url = 'https://wikipedia.org/wiki/Ibrox_Stadium', venue_image_url = 'https://upload.wikimedia.org/wikipedia/commons/thumb/8/86/Ibrox_Stadium%2C_Rangers_FC_%28cropped%29.jpg/150px-Ibrox_Stadium%2C_Rangers_FC_%28cropped%29.jpg' WHERE ID = 66
2024-07-24 10:58:29.162 | INFO     | Search:search_venue:line:185 | UPDATE venue SET venue_url = 'https://wikipedia.org/wiki/Philips_Stadion', venue_image_url = 'https://upload.wikimedia.org/wikipedia/commons/thumb/e/ed/Psv_stadion_2019.jpg/250px-Psv_stadion_2019.jpg' WHERE ID = 67
2024-07-24 10:58:32.989 | INFO     | Search:search_venue:line:185 | UPDATE venue SET venue_url = 'https://wikipedia.org/wiki/Waldstadion_(Frankfurt)', venue_image_url = 'https://upload.wikimedia.org/wikipedia/commons/thumb/6/65/Waldstadion_Frankfurt.jpg/150px-Waldstadion_Frankfurt.jpg' WHERE ID = 68
2024-07-24 10:58:36.111 | INFO     | Search:search_venue:line:185 | UPDATE venue SET venue_url = 'https://wikipedia.org/wiki/Johan_Cruyff_Arena', venue_image_url = 'https://upload.wikimedia.org/wikipedia/en/thumb/d/d4/Johan_Cruijff_ArenA_logo.png/200px-Johan_Cruijff_ArenA_logo.png' WHERE ID = 69
2024-07-24 10:58:42.272 | INFO     | Search:search_venue:line:185 | UPDATE venue SET venue_url = 'https://wikipedia.org/wiki/Polish_Army_Stadium', venue_image_url = 'https://upload.wikimedia.org/wikipedia/commons/thumb/6/65/Legia_Warsaw_Stadium_aerial_2022.jpg/150px-Legia_Warsaw_Stadium_aerial_2022.jpg' WHERE ID = 71
2024-07-24 10:58:52.248 | INFO     | Search:search_venue:line:185 | UPDATE venue SET venue_url = 'https://wikipedia.org/wiki/Sammy_Ofer_Stadium', venue_image_url = 'https://upload.wikimedia.org/wikipedia/commons/thumb/e/e0/SammyOfer25.JPG/120px-SammyOfer25.JPG' WHERE ID = 74
2024-07-24 10:58:55.084 | INFO     | Search:search_venue:line:185 | UPDATE venue SET venue_url = 'https://wikipedia.org/wiki/Parken_Stadium', venue_image_url = 'https://upload.wikimedia.org/wikipedia/commons/thumb/6/6f/Denmark_copenhagen_parken_stadium.jpg/150px-Denmark_copenhagen_parken_stadium.jpg' WHERE ID = 75
2024-07-24 10:58:57.226 | INFO     | Search:search_venue:line:185 | UPDATE venue SET venue_url = 'https://wikipedia.org/wiki/Metropolitano_Stadium', venue_image_url = 'https://upload.wikimedia.org/wikipedia/commons/thumb/0/05/Wanda-Metropolitano.jpg/200px-Wanda-Metropolitano.jpg' WHERE ID = 76
2024-07-24 10:58:59.857 | INFO     | Search:search_venue:line:185 | UPDATE venue SET venue_url = 'https://wikipedia.org/wiki/Zimbru_Stadium', venue_image_url = 'https://upload.wikimedia.org/wikipedia/commons/thumb/f/fd/Zimbru_Stadium_2023.jpg/120px-Zimbru_Stadium_2023.jpg' WHERE ID = 77
2024-07-24 10:59:03.177 | INFO     | Search:search_venue:line:185 | UPDATE venue SET venue_url = 'https://wikipedia.org/wiki/Bolt_Arena', venue_image_url = 'https://upload.wikimedia.org/wikipedia/commons/thumb/d/d0/Finnair_Stadium_Helsinki.JPG/120px-Finnair_Stadium_Helsinki.JPG' WHERE ID = 78
2024-07-24 10:59:06.472 | INFO     | Search:search_venue:line:185 | UPDATE venue SET venue_url = 'https://wikipedia.org/wiki/Camp_Nou', venue_image_url = 'https://upload.wikimedia.org/wikipedia/commons/thumb/a/ad/Camp_Nou_aerial.jpg/120px-Camp_Nou_aerial.jpg' WHERE ID = 79
2024-07-24 10:59:09.747 | INFO     | Search:search_venue:line:185 | UPDATE venue SET venue_url = 'https://wikipedia.org/wiki/Stadium_de_Toulouse', venue_image_url = 'https://upload.wikimedia.org/wikipedia/commons/thumb/e/e9/Stadium-Lory.jpg/250px-Stadium-Lory.jpg' WHERE ID = 80
2024-07-24 10:59:12.593 | INFO     | Search:search_venue:line:185 | UPDATE venue SET venue_url = 'https://wikipedia.org/wiki/Allianz_Riviera', venue_image_url = 'https://upload.wikimedia.org/wikipedia/commons/thumb/f/f8/Allianz_Riviera_Nice_charpente.jpg/120px-Allianz_Riviera_Nice_charpente.jpg' WHERE ID = 81
2024-07-24 10:59:15.145 | INFO     | Search:search_venue:line:185 | UPDATE venue SET venue_url = 'https://wikipedia.org/wiki/Stade_de_la_Beaujoire', venue_image_url = 'https://upload.wikimedia.org/wikipedia/commons/thumb/4/4d/Match_Football_FC_Nantes_x_RC_Lens_Stade_Beaujoire_-_Nantes_%28FR44%29_-_2022-09-18_-_51.jpg/120px-Match_Football_FC_Nantes_x_RC_Lens_Stade_Beaujoire_-_Nantes_%28FR44%29_-_2022-09-18_-_51.jpg' WHERE ID = 82
2024-07-24 10:59:17.947 | INFO     | Search:search_venue:line:185 | UPDATE venue SET venue_url = 'https://wikipedia.org/wiki/Stade_de_la_Meinau', venue_image_url = 'https://upload.wikimedia.org/wikipedia/commons/thumb/c/c0/La_Meinau_en_National.jpg/220px-La_Meinau_en_National.jpg' WHERE ID = 83
2024-07-24 10:59:37.311 | INFO     | Search:search_venue:line:185 | UPDATE venue SET venue_url = 'https://wikipedia.org/wiki/Stade_Pierre-Mauroy', venue_image_url = 'https://upload.wikimedia.org/wikipedia/commons/thumb/a/aa/Lille_vs_PSG_2019_-_Stade_Pierre_Mauroy.jpg/150px-Lille_vs_PSG_2019_-_Stade_Pierre_Mauroy.jpg' WHERE ID = 90
2024-07-24 10:59:39.808 | INFO     | Search:search_venue:line:185 | UPDATE venue SET venue_url = 'https://wikipedia.org/wiki/Stade_Saint-Symphorien', venue_image_url = 'https://upload.wikimedia.org/wikipedia/commons/thumb/e/e7/Tribune_Ouest_Saint_Symphorien.jpg/120px-Tribune_Ouest_Saint_Symphorien.jpg' WHERE ID = 91
2024-07-24 10:59:43.745 | INFO     | Search:search_venue:line:185 | UPDATE venue SET venue_url = 'https://wikipedia.org/wiki/Stade_de_la_Licorne', venue_image_url = 'https://upload.wikimedia.org/wikipedia/commons/thumb/0/0e/Stadlic3.JPG/120px-Stadlic3.JPG' WHERE ID = 92
2024-07-24 10:59:47.172 | INFO     | Search:search_venue:line:185 | UPDATE venue SET venue_url = 'https://wikipedia.org/wiki/Parc_Olympique_Lyonnais', venue_image_url = 'https://upload.wikimedia.org/wikipedia/commons/thumb/2/20/Olympique_lyonnais_-_Stade_rennais%2C_demi-finale_de_Coupe_de_France_2019.jpg/150px-Olympique_lyonnais_-_Stade_rennais%2C_demi-finale_de_Coupe_de_France_2019.jpg' WHERE ID = 93
2024-07-24 10:59:50.409 | INFO     | Search:search_venue:line:185 | UPDATE venue SET venue_url = 'https://wikipedia.org/wiki/Roazhon_Park', venue_image_url = 'https://upload.wikimedia.org/wikipedia/commons/thumb/3/3a/Rennes_-_Montpellier_L1_20150815_-_Sc%C3%A8ne_match.JPG/120px-Rennes_-_Montpellier_L1_20150815_-_Sc%C3%A8ne_match.JPG' WHERE ID = 94
2024-07-24 10:59:53.214 | INFO     | Search:search_venue:line:185 | UPDATE venue SET venue_url = 'https://wikipedia.org/wiki/Stade_Louis_II', venue_image_url = 'https://upload.wikimedia.org/wikipedia/commons/thumb/7/78/Panoramio_-_V%26A_Dudush_-_stade_Louis_II.jpg/150px-Panoramio_-_V%26A_Dudush_-_stade_Louis_II.jpg' WHERE ID = 95
2024-07-24 10:59:59.218 | INFO     | Search:search_venue:line:185 | UPDATE venue SET venue_url = 'https://wikipedia.org/wiki/Stade_Geoffroy-Guichard', venue_image_url = 'https://upload.wikimedia.org/wikipedia/commons/thumb/9/99/St_Etienne_Stade_Geoffroy_Guichard.jpg/150px-St_Etienne_Stade_Geoffroy_Guichard.jpg' WHERE ID = 97
2024-07-24 11:00:04.415 | INFO     | Search:search_venue:line:185 | UPDATE venue SET venue_url = 'https://wikipedia.org/wiki/Stadio_Marcantonio_Bentegodi', venue_image_url = 'https://upload.wikimedia.org/wikipedia/commons/thumb/e/e5/Italy_-_Verona_-_Stadio_Marcantonio_Bentegodi.jpg/150px-Italy_-_Verona_-_Stadio_Marcantonio_Bentegodi.jpg' WHERE ID = 98
2024-07-24 11:00:07.347 | INFO     | Search:search_venue:line:185 | UPDATE venue SET venue_url = 'https://wikipedia.org/wiki/Stadio_Paolo_Mazza', venue_image_url = 'https://upload.wikimedia.org/wikipedia/commons/thumb/b/b3/0_Stadio_Paolo_Mazza_-_Ferrara_-_SPAL_-_2018_-_07.jpg/150px-0_Stadio_Paolo_Mazza_-_Ferrara_-_SPAL_-_2018_-_07.jpg' WHERE ID = 99
2024-07-24 11:00:10.698 | INFO     | Search:search_venue:line:185 | UPDATE venue SET venue_url = 'https://wikipedia.org/wiki/Stadio_Ezio_Scida', venue_image_url = 'https://upload.wikimedia.org/wikipedia/commons/thumb/6/66/Stadio_EZIO_SCIDA.jpg/300px-Stadio_EZIO_SCIDA.jpg' WHERE ID = 100
2024-07-24 11:00:13.992 | INFO     | Search:search_venue:line:185 | UPDATE venue SET venue_url = 'https://wikipedia.org/wiki/Weserstadion', venue_image_url = 'https://upload.wikimedia.org/wikipedia/en/thumb/8/81/Weserstadion_logo.svg/150px-Weserstadion_logo.svg.png' WHERE ID = 101
2024-07-24 11:00:17.299 | INFO     | Search:search_venue:line:185 | UPDATE venue SET venue_url = 'https://wikipedia.org/wiki/Augsburg_Arena', venue_image_url = 'https://upload.wikimedia.org/wikipedia/commons/thumb/c/cb/Impuls_Arena_Augsburg_2011.jpg/120px-Impuls_Arena_Augsburg_2011.jpg' WHERE ID = 102
2024-07-24 11:00:20.670 | INFO     | Search:search_venue:line:185 | UPDATE venue SET venue_url = 'https://wikipedia.org/wiki/RheinEnergieStadion', venue_image_url = 'https://upload.wikimedia.org/wikipedia/commons/thumb/f/f8/RheinEnergieSTADION_Logo.svg/200px-RheinEnergieSTADION_Logo.svg.png' WHERE ID = 103
2024-07-24 11:00:23.655 | INFO     | Search:search_venue:line:185 | UPDATE venue SET venue_url = 'https://wikipedia.org/wiki/Olympiastadion_(Berlin)', venue_image_url = 'https://upload.wikimedia.org/wikipedia/commons/thumb/8/81/Olympiastadion_Berlin_Sep-2015.jpg/150px-Olympiastadion_Berlin_Sep-2015.jpg' WHERE ID = 104
2024-07-24 11:00:27.020 | INFO     | Search:search_venue:line:185 | UPDATE venue SET venue_url = 'https://wikipedia.org/wiki/MHPArena', venue_image_url = 'https://upload.wikimedia.org/wikipedia/commons/thumb/7/7f/Stuttgart_stadium.jpg/150px-Stuttgart_stadium.jpg' WHERE ID = 105
2024-07-24 11:00:30.169 | INFO     | Search:search_venue:line:185 | UPDATE venue SET venue_url = 'https://wikipedia.org/wiki/Borussia-Park', venue_image_url = 'https://upload.wikimedia.org/wikipedia/commons/thumb/2/2b/M%C3%B6nchengladbach_stadion.jpg/150px-M%C3%B6nchengladbach_stadion.jpg' WHERE ID = 106
2024-07-24 11:00:34.331 | ERROR    | Search:search_venue:line:189 | Lack of venue_image_url for ID: '107'
2024-07-24 11:00:39.153 | ERROR    | Search:search_venue:line:204 | Error Occured: 'NoneType' object has no attribute 'find'
2024-07-24 11:00:39.153 | ERROR    | Search:search_venue:line:205 | Error ID: '107'
2024-07-24 11:00:41.881 | INFO     | Search:search_venue:line:185 | UPDATE venue SET venue_url = 'https://wikipedia.org/wiki/Ruhrstadion', venue_image_url = 'https://upload.wikimedia.org/wikipedia/commons/thumb/c/c5/Vonovia_Ruhrstadion_12a.jpg/150px-Vonovia_Ruhrstadion_12a.jpg' WHERE ID = 108
2024-07-24 11:00:44.990 | INFO     | Search:search_venue:line:185 | UPDATE venue SET venue_url = 'https://wikipedia.org/wiki/Europa-Park_Stadion', venue_image_url = 'https://upload.wikimedia.org/wikipedia/commons/thumb/7/73/2020-09-07_Neubau_eines_Fu%C3%9Fballstadions_f%C3%BCr_den_Sportclub_Freiburg_mit_Trainingsrasenpl%C3%A4tzen_im_Vordergrund_3.jpg/150px-2020-09-07_Neubau_eines_Fu%C3%9Fballstadions_f%C3%BCr_den_Sportclub_Freiburg_mit_Trainingsrasenpl%C3%A4tzen_im_Vordergrund_3.jpg' WHERE ID = 109
2024-07-24 11:00:47.935 | INFO     | Search:search_venue:line:185 | UPDATE venue SET venue_url = 'https://wikipedia.org/wiki/Arena_AufSchalke', venue_image_url = 'https://upload.wikimedia.org/wikipedia/commons/thumb/9/97/Arena_Aufschalke_Gelsenkirchen_exterior_view.jpg/150px-Arena_Aufschalke_Gelsenkirchen_exterior_view.jpg' WHERE ID = 110
2024-07-24 11:00:54.106 | INFO     | Search:search_venue:line:185 | UPDATE venue SET venue_url = 'https://wikipedia.org/wiki/Mestalla_Stadium', venue_image_url = 'https://upload.wikimedia.org/wikipedia/commons/thumb/0/03/CAMP_DE_MESTALLA_GRADA_DE_LA_MAR_2014.JPG/150px-CAMP_DE_MESTALLA_GRADA_DE_LA_MAR_2014.JPG' WHERE ID = 112
2024-07-24 11:01:00.997 | INFO     | Search:search_venue:line:185 | UPDATE venue SET venue_url = 'https://wikipedia.org/wiki/Colosseum', venue_image_url = 'https://upload.wikimedia.org/wikipedia/commons/thumb/d/de/Colosseo_2020.jpg/150px-Colosseo_2020.jpg' WHERE ID = 114
2024-07-24 11:01:04.886 | INFO     | Search:search_venue:line:185 | UPDATE venue SET venue_url = 'https://wikipedia.org/wiki/Mendizorrotza_Stadium', venue_image_url = 'https://upload.wikimedia.org/wikipedia/commons/thumb/d/db/Mendizorrotza.jpg/180px-Mendizorrotza.jpg' WHERE ID = 115
2024-07-24 11:01:08.261 | ERROR    | Search:search_venue:line:189 | Lack of venue_image_url for ID: '116'
2024-07-24 11:01:10.971 | ERROR    | Search:search_venue:line:204 | Error Occured: 'NoneType' object has no attribute 'find'
2024-07-24 11:01:10.971 | ERROR    | Search:search_venue:line:205 | Error ID: '116'
2024-07-24 11:01:17.178 | INFO     | Search:search_venue:line:185 | UPDATE venue SET venue_url = 'https://wikipedia.org/wiki/Estadi_Mallorca_Son_Moix', venue_image_url = 'https://upload.wikimedia.org/wikipedia/commons/thumb/e/ec/Spain_mallorca_palma_stadium_Estadi_de_Son_Moix.jpg/150px-Spain_mallorca_palma_stadium_Estadi_de_Son_Moix.jpg' WHERE ID = 118
2024-07-24 11:01:19.524 | INFO     | Search:search_venue:line:185 | UPDATE venue SET venue_url = 'https://wikipedia.org/wiki/Stage_Front_Stadium', venue_image_url = 'https://upload.wikimedia.org/wikipedia/commons/thumb/9/9f/Stage_Front_Stadium.jpg/150px-Stage_Front_Stadium.jpg' WHERE ID = 119
2024-07-24 11:01:22.336 | INFO     | Search:search_venue:line:185 | UPDATE venue SET venue_url = 'https://wikipedia.org/wiki/El_Sadar_Stadium', venue_image_url = 'https://upload.wikimedia.org/wikipedia/commons/thumb/a/a4/Estadio_El_Sadar.jpg/150px-Estadio_El_Sadar.jpg' WHERE ID = 120
2024-07-24 11:01:32.509 | INFO     | Search:search_venue:line:185 | UPDATE venue SET venue_url = 'https://wikipedia.org/wiki/Nuevo_Mirandilla', venue_image_url = 'https://upload.wikimedia.org/wikipedia/commons/thumb/1/11/Nuevo_Ram%C3%B3n_de_Carranza_lleno.jpg/180px-Nuevo_Ram%C3%B3n_de_Carranza_lleno.jpg' WHERE ID = 123
2024-07-24 11:01:34.744 | INFO     | Search:search_venue:line:185 | UPDATE venue SET venue_url = 'https://wikipedia.org/wiki/ArcelorMittal_Orbit', venue_image_url = 'https://upload.wikimedia.org/wikipedia/commons/thumb/6/6b/ArcelorMittal_Orbit_at_night.jpg/150px-ArcelorMittal_Orbit_at_night.jpg' WHERE ID = 124
2024-07-24 11:01:41.541 | INFO     | Search:search_venue:line:185 | UPDATE venue SET venue_url = 'https://wikipedia.org/wiki/Fadil_Vokrri_Stadium', venue_image_url = 'https://upload.wikimedia.org/wikipedia/commons/thumb/c/c0/Stadiumi_%22Fadil_Vokrri%22.jpg/150px-Stadiumi_%22Fadil_Vokrri%22.jpg' WHERE ID = 126
2024-07-24 11:01:45.085 | INFO     | Search:search_venue:line:185 | UPDATE venue SET venue_url = 'https://wikipedia.org/wiki/Rams_Park', venue_image_url = 'https://upload.wikimedia.org/wikipedia/commons/thumb/d/d7/Galatasaray_Arena_North-West_Corner.jpg/180px-Galatasaray_Arena_North-West_Corner.jpg' WHERE ID = 127
2024-07-24 11:01:48.398 | INFO     | Search:search_venue:line:185 | UPDATE venue SET venue_url = 'https://wikipedia.org/wiki/Volksparkstadion', venue_image_url = 'https://upload.wikimedia.org/wikipedia/commons/thumb/0/0e/Volksparkstadion_logo.svg/120px-Volksparkstadion_logo.svg.png' WHERE ID = 128
2024-07-24 11:01:49.979 | INFO     | Search:search_venue:line:185 | UPDATE venue SET venue_url = 'https://wikipedia.org/wiki/Olympiastadion_(Berlin)', venue_image_url = 'https://upload.wikimedia.org/wikipedia/commons/thumb/8/81/Olympiastadion_Berlin_Sep-2015.jpg/150px-Olympiastadion_Berlin_Sep-2015.jpg' WHERE ID = 129
2024-07-24 11:01:56.648 | INFO     | Search:search_venue:line:185 | UPDATE venue SET venue_url = 'https://wikipedia.org/wiki/Bosuilstadion', venue_image_url = 'https://upload.wikimedia.org/wikipedia/commons/thumb/9/91/BosuilToday.png/180px-BosuilToday.png' WHERE ID = 131
2024-07-24 11:02:03.121 | INFO     | Search:search_venue:line:185 | UPDATE venue SET venue_url = 'https://wikipedia.org/wiki/Leoforos_Alexandras_Stadium', venue_image_url = 'https://upload.wikimedia.org/wikipedia/commons/thumb/7/74/Apostolos_Nikolaidis_Gate_13-14.JPG/150px-Apostolos_Nikolaidis_Gate_13-14.JPG' WHERE ID = 133
2024-07-24 11:02:05.496 | INFO     | Search:search_venue:line:185 | UPDATE venue SET venue_url = 'https://wikipedia.org/wiki/Stadio_Brianteo', venue_image_url = 'https://upload.wikimedia.org/wikipedia/commons/thumb/a/a1/Stadio_Brianteo_2024.jpg/120px-Stadio_Brianteo_2024.jpg' WHERE ID = 134
2024-07-24 11:02:08.216 | INFO     | Search:search_venue:line:185 | UPDATE venue SET venue_url = 'https://wikipedia.org/wiki/Stadio_Via_del_mare', venue_image_url = 'https://upload.wikimedia.org/wikipedia/commons/thumb/1/10/Via_del_Mare_2008.jpg/120px-Via_del_Mare_2008.jpg' WHERE ID = 135
2024-07-24 11:02:10.471 | INFO     | Search:search_venue:line:185 | UPDATE venue SET venue_url = 'https://wikipedia.org/wiki/Stadio_Giovanni_Zini', venue_image_url = 'https://upload.wikimedia.org/wikipedia/commons/thumb/e/e4/Stadio_Zini_2019_09_21.jpg/150px-Stadio_Zini_2019_09_21.jpg' WHERE ID = 136
2024-07-24 11:02:13.431 | INFO     | Search:search_venue:line:185 | UPDATE venue SET venue_url = 'https://wikipedia.org/wiki/Stadio_Arechi', venue_image_url = 'https://upload.wikimedia.org/wikipedia/commons/thumb/0/0b/Arechi_6_ottobre.jpg/150px-Arechi_6_ottobre.jpg' WHERE ID = 137
2024-07-24 11:02:16.303 | INFO     | Search:search_venue:line:185 | UPDATE venue SET venue_url = 'https://wikipedia.org/wiki/Stadio_Pier_Luigi_Penzo', venue_image_url = 'https://upload.wikimedia.org/wikipedia/commons/thumb/9/96/Stadio_Penzo_Venice_Jan_2023.jpeg/200px-Stadio_Penzo_Venice_Jan_2023.jpeg' WHERE ID = 138
2024-07-24 11:02:19.693 | INFO     | Search:search_venue:line:185 | UPDATE venue SET venue_url = 'https://wikipedia.org/wiki/Craven_Cottage', venue_image_url = 'https://upload.wikimedia.org/wikipedia/commons/thumb/7/75/Craven_Cottage_Football_Ground_-_geograph.org.uk_-_778731.jpg/120px-Craven_Cottage_Football_Ground_-_geograph.org.uk_-_778731.jpg' WHERE ID = 139
2024-07-24 11:02:23.500 | ERROR    | Search:search_venue:line:189 | Lack of venue_image_url for ID: '140'
2024-07-24 11:02:27.154 | ERROR    | Search:search_venue:line:204 | Error Occured: 'NoneType' object has no attribute 'find'
2024-07-24 11:02:27.155 | ERROR    | Search:search_venue:line:205 | Error ID: '140'
2024-07-24 11:02:30.537 | INFO     | Search:search_venue:line:185 | UPDATE venue SET venue_url = 'https://wikipedia.org/wiki/Estadio_Municipal_de_Butarque', venue_image_url = 'https://upload.wikimedia.org/wikipedia/commons/thumb/6/61/TribunaButarque.jpg/120px-TribunaButarque.jpg' WHERE ID = 141
2024-07-24 11:02:33.441 | INFO     | Search:search_venue:line:185 | UPDATE venue SET venue_url = 'https://wikipedia.org/wiki/City_Ground', venue_image_url = 'https://upload.wikimedia.org/wikipedia/commons/thumb/a/ae/CityGroundFromAboveTrentBridgeCricketGround.jpg/180px-CityGroundFromAboveTrentBridgeCricketGround.jpg' WHERE ID = 142
2024-07-24 11:02:36.361 | INFO     | Search:search_venue:line:185 | UPDATE venue SET venue_url = 'https://wikipedia.org/wiki/Kenilworth_Road', venue_image_url = 'https://upload.wikimedia.org/wikipedia/commons/thumb/6/62/Kenilworth_Road.jpg/150px-Kenilworth_Road.jpg' WHERE ID = 143
2024-07-24 11:02:40.323 | INFO     | Search:search_venue:line:185 | UPDATE venue SET venue_url = 'https://wikipedia.org/wiki/Kirklees_Stadium', venue_image_url = 'https://upload.wikimedia.org/wikipedia/commons/thumb/0/01/Huddersfield_the-john-smiths-stadium.jpg/150px-Huddersfield_the-john-smiths-stadium.jpg' WHERE ID = 144
2024-07-24 11:02:45.011 | INFO     | Search:search_venue:line:185 | UPDATE venue SET venue_url = 'https://wikipedia.org/wiki/Wembley_Stadium', venue_image_url = 'https://upload.wikimedia.org/wikipedia/commons/thumb/e/e2/Wembley-Stadion_2013_16x10.jpg/180px-Wembley-Stadion_2013_16x10.jpg' WHERE ID = 146
2024-07-24 11:02:47.143 | INFO     | Search:search_venue:line:185 | UPDATE venue SET venue_url = 'https://wikipedia.org/wiki/Olimpiyskiy_National_Sports_Complex', venue_image_url = 'https://upload.wikimedia.org/wikipedia/commons/thumb/0/0d/Kyiv_NSC_Olimpiyskyi_5.jpg/150px-Kyiv_NSC_Olimpiyskyi_5.jpg' WHERE ID = 147
2024-07-24 11:02:49.653 | INFO     | Search:search_venue:line:185 | UPDATE venue SET venue_url = 'https://wikipedia.org/wiki/Sheriff_Arena', venue_image_url = 'https://upload.wikimedia.org/wikipedia/commons/thumb/5/53/Tiraspol_Sheriff_Stadion.JPG/250px-Tiraspol_Sheriff_Stadion.JPG' WHERE ID = 148
2024-07-24 11:02:53.291 | INFO     | Search:search_venue:line:185 | UPDATE venue SET venue_url = 'https://wikipedia.org/wiki/Stadion_Wankdorf', venue_image_url = 'https://upload.wikimedia.org/wikipedia/commons/thumb/a/ab/Stade_de_Suisse.jpg/150px-Stade_de_Suisse.jpg' WHERE ID = 149
2024-07-24 11:02:55.504 | INFO     | Search:search_venue:line:185 | UPDATE venue SET venue_url = 'https://wikipedia.org/wiki/Almaty_Central_Stadium', venue_image_url = 'https://upload.wikimedia.org/wikipedia/commons/thumb/6/65/Central_stadium_Almaty-1.jpg/120px-Central_stadium_Almaty-1.jpg' WHERE ID = 150
2024-07-24 11:03:01.885 | INFO     | Search:search_venue:line:185 | UPDATE venue SET venue_url = 'https://wikipedia.org/wiki/Stade_de_France', venue_image_url = 'https://upload.wikimedia.org/wikipedia/en/thumb/6/6d/Stade_de_France_France_Croatie_03.jpg/120px-Stade_de_France_France_Croatie_03.jpg' WHERE ID = 152
2024-07-24 11:03:07.841 | INFO     | Search:search_venue:line:185 | UPDATE venue SET venue_url = 'https://wikipedia.org/wiki/Krestovsky_Stadium', venue_image_url = 'https://upload.wikimedia.org/wikipedia/commons/thumb/5/53/Spb_06-2017_img40_Krestovsky_Stadium_%28cropped%29.jpg/180px-Spb_06-2017_img40_Krestovsky_Stadium_%28cropped%29.jpg' WHERE ID = 154
2024-07-24 11:03:11.378 | INFO     | Search:search_venue:line:185 | UPDATE venue SET venue_url = 'https://wikipedia.org/wiki/Olimpiyskiy_National_Sports_Complex', venue_image_url = 'https://upload.wikimedia.org/wikipedia/commons/thumb/0/0d/Kyiv_NSC_Olimpiyskyi_5.jpg/150px-Kyiv_NSC_Olimpiyskyi_5.jpg' WHERE ID = 155
2024-07-24 11:03:16.818 | INFO     | Search:search_venue:line:185 | UPDATE venue SET venue_url = 'https://wikipedia.org/wiki/Nouveau_Stade_de_Bordeaux', venue_image_url = 'https://upload.wikimedia.org/wikipedia/commons/thumb/9/94/Stade_Matmut_Atlantique_2023.jpg/120px-Stade_Matmut_Atlantique_2023.jpg' WHERE ID = 157
2024-07-24 11:03:23.403 | INFO     | Search:search_venue:line:185 | UPDATE venue SET venue_url = 'https://wikipedia.org/wiki/Estadio_El_Alcoraz', venue_image_url = 'https://upload.wikimedia.org/wikipedia/commons/thumb/9/94/Alcoraz%2C_Uesca.jpg/150px-Alcoraz%2C_Uesca.jpg' WHERE ID = 159
2024-07-24 11:03:27.178 | INFO     | Search:search_venue:line:185 | UPDATE venue SET venue_url = 'https://wikipedia.org/wiki/Ipurua_Municipal_Stadium', venue_image_url = 'https://upload.wikimedia.org/wikipedia/commons/thumb/e/ec/Eibar1-0Lega20183.jpg/120px-Eibar1-0Lega20183.jpg' WHERE ID = 160
2024-07-24 11:03:29.911 | INFO     | Search:search_venue:line:185 | UPDATE venue SET venue_url = 'https://wikipedia.org/wiki/Stade_Bollaert-Delelis', venue_image_url = 'https://upload.wikimedia.org/wikipedia/commons/thumb/6/6d/Stade_Bollaert_Delelis.JPG/120px-Stade_Bollaert_Delelis.JPG' WHERE ID = 161
2024-07-24 11:03:33.620 | INFO     | Search:search_venue:line:185 | UPDATE venue SET venue_url = 'https://wikipedia.org/wiki/Stade_de_la_Mosson', venue_image_url = 'https://upload.wikimedia.org/wikipedia/commons/thumb/f/f2/Stade_de_la_Mosson_24.jpg/120px-Stade_de_la_Mosson_24.jpg' WHERE ID = 162
2024-07-24 11:03:37.018 | INFO     | Search:search_venue:line:185 | UPDATE venue SET venue_url = 'https://wikipedia.org/wiki/Stade_du_Moustoir', venue_image_url = 'https://upload.wikimedia.org/wikipedia/commons/thumb/b/b1/Stade_du_Moustoir.jpg/120px-Stade_du_Moustoir.jpg' WHERE ID = 163
2024-07-24 11:03:40.126 | INFO     | Search:search_venue:line:185 | UPDATE venue SET venue_url = 'https://wikipedia.org/wiki/Stadio_Mario_Rigamonti', venue_image_url = 'https://upload.wikimedia.org/wikipedia/commons/thumb/8/83/The_Mario_Rigamonti_stadium_in_2020.jpg/120px-The_Mario_Rigamonti_stadium_in_2020.jpg' WHERE ID = 164
2024-07-24 11:03:43.189 | INFO     | Search:search_venue:line:185 | UPDATE venue SET venue_url = 'https://wikipedia.org/wiki/Holstein-Stadion', venue_image_url = 'https://upload.wikimedia.org/wikipedia/commons/thumb/4/4c/Holstein-Stadion_Luftbild_2019.jpg/120px-Holstein-Stadion_Luftbild_2019.jpg' WHERE ID = 165
2024-07-24 11:03:45.192 | ERROR    | Search:search_venue:line:189 | Lack of venue_image_url for ID: '166'
2024-07-24 11:03:49.400 | ERROR    | Search:search_venue:line:204 | Error Occured: 'NoneType' object has no attribute 'find'
2024-07-24 11:03:49.400 | ERROR    | Search:search_venue:line:205 | Error ID: '166'
2024-07-24 11:03:51.411 | INFO     | Search:search_venue:line:185 | UPDATE venue SET venue_url = 'https://wikipedia.org/wiki/Mewa_Arena', venue_image_url = 'https://upload.wikimedia.org/wikipedia/commons/thumb/8/8e/Er%C3%B6ffnungsfeier_Coface_Arena.JPG/150px-Er%C3%B6ffnungsfeier_Coface_Arena.JPG' WHERE ID = 167
2024-07-24 11:03:55.064 | INFO     | Search:search_venue:line:185 | UPDATE venue SET venue_url = 'https://wikipedia.org/wiki/Bielefelder_Alm', venue_image_url = 'https://upload.wikimedia.org/wikipedia/commons/thumb/d/d2/Bielefeld_Sch%C3%BCcoArena.jpg/180px-Bielefeld_Sch%C3%BCcoArena.jpg' WHERE ID = 168
2024-07-24 11:03:57.898 | INFO     | Search:search_venue:line:185 | UPDATE venue SET venue_url = 'https://wikipedia.org/wiki/Voith-Arena', venue_image_url = 'https://upload.wikimedia.org/wikipedia/commons/thumb/c/c4/GAGFAH-ARENA_Heidenheim.jpg/120px-GAGFAH-ARENA_Heidenheim.jpg' WHERE ID = 169
2024-07-24 11:04:03.837 | INFO     | Search:search_venue:line:185 | UPDATE venue SET venue_url = 'https://wikipedia.org/wiki/Cardiff_City_Stadium', venue_image_url = 'https://upload.wikimedia.org/wikipedia/commons/thumb/d/d2/Cardiff_City_Stadium_Pitch.jpg/150px-Cardiff_City_Stadium_Pitch.jpg' WHERE ID = 171
2024-07-24 11:04:06.639 | INFO     | Search:search_venue:line:185 | UPDATE venue SET venue_url = 'https://wikipedia.org/wiki/Sportpark_Ronhof_Thomas_Sommer', venue_image_url = 'https://upload.wikimedia.org/wikipedia/commons/thumb/0/0a/Playmobil-Stadion_Nordtrib%C3%BCne.jpg/150px-Playmobil-Stadion_Nordtrib%C3%BCne.jpg' WHERE ID = 172
2024-07-24 11:04:09.151 | INFO     | Search:search_venue:line:185 | UPDATE venue SET venue_url = 'https://wikipedia.org/wiki/Stade_Michel-Moretti', venue_image_url = 'https://upload.wikimedia.org/wikipedia/commons/thumb/9/9b/Faedda.JPG/120px-Faedda.JPG' WHERE ID = 173
2024-07-24 11:04:11.537 | ERROR    | Search:search_venue:line:189 | Lack of venue_image_url for ID: '174'
2024-07-24 11:04:15.695 | ERROR    | Search:search_venue:line:204 | Error Occured: 'NoneType' object has no attribute 'find'
2024-07-24 11:04:15.695 | ERROR    | Search:search_venue:line:205 | Error ID: '174'
2024-07-24 11:04:18.297 | INFO     | Search:search_venue:line:185 | UPDATE venue SET venue_url = 'https://wikipedia.org/wiki/Stade_Gabriel-Montpied', venue_image_url = 'https://upload.wikimedia.org/wikipedia/commons/thumb/3/3f/Stade_g_montpied_clermont.jpg/120px-Stade_g_montpied_clermont.jpg' WHERE ID = 175
2024-07-24 11:04:21.584 | INFO     | Search:search_venue:line:185 | UPDATE venue SET venue_url = 'https://wikipedia.org/wiki/Stade_Auguste-Delaune', venue_image_url = 'https://upload.wikimedia.org/wikipedia/commons/thumb/6/6b/Tribune_Jonquet.JPG/120px-Tribune_Jonquet.JPG' WHERE ID = 176
2024-07-24 11:04:24.515 | INFO     | Search:search_venue:line:185 | UPDATE venue SET venue_url = 'https://wikipedia.org/wiki/Estadio_Gran_Canaria', venue_image_url = 'https://upload.wikimedia.org/wikipedia/commons/thumb/9/9e/Estadio_Gran_Canaria.jpg/300px-Estadio_Gran_Canaria.jpg' WHERE ID = 177
2024-07-24 11:04:27.993 | INFO     | Search:search_venue:line:185 | UPDATE venue SET venue_url = 'https://wikipedia.org/wiki/Estadi_Montilivi', venue_image_url = 'https://upload.wikimedia.org/wikipedia/commons/thumb/a/a1/Montilivi280611.jpg/180px-Montilivi280611.jpg' WHERE ID = 178
2024-07-24 11:04:31.110 | INFO     | Search:search_venue:line:185 | UPDATE venue SET venue_url = 'https://wikipedia.org/wiki/Estadio_Riazor', venue_image_url = 'https://upload.wikimedia.org/wikipedia/commons/thumb/1/1e/Homenajeascaloni.jpg/120px-Homenajeascaloni.jpg' WHERE ID = 179
2024-07-24 11:04:33.878 | INFO     | Search:search_venue:line:185 | UPDATE venue SET venue_url = 'https://wikipedia.org/wiki/Stade_de_Roudourou', venue_image_url = 'https://upload.wikimedia.org/wikipedia/commons/thumb/2/20/Roudourou-ensemble.JPG/120px-Roudourou-ensemble.JPG' WHERE ID = 180
2024-07-24 11:04:38.401 | INFO     | Search:search_venue:line:185 | UPDATE venue SET venue_url = 'https://wikipedia.org/wiki/Lokomotiv_Stadium_(Moscow)', venue_image_url = 'https://upload.wikimedia.org/wikipedia/commons/thumb/7/74/Lokomotiv-stadium.jpg/120px-Lokomotiv-stadium.jpg' WHERE ID = 182
2024-07-24 11:04:41.989 | ERROR    | Search:search_venue:line:189 | Lack of venue_image_url for ID: '183'
2024-07-24 11:04:44.631 | ERROR    | Search:search_venue:line:204 | Error Occured: 'NoneType' object has no attribute 'find'
2024-07-24 11:04:44.632 | ERROR    | Search:search_venue:line:205 | Error ID: '183'
2024-07-24 11:04:47.658 | INFO     | Search:search_venue:line:185 | UPDATE venue SET venue_url = 'https://wikipedia.org/wiki/Luzhniki_Stadium', venue_image_url = 'https://upload.wikimedia.org/wikipedia/commons/thumb/a/ac/LuzhnikiStadium.jpg/150px-LuzhnikiStadium.jpg' WHERE ID = 184
2024-07-24 11:04:49.833 | INFO     | Search:search_venue:line:185 | UPDATE venue SET venue_url = 'https://wikipedia.org/wiki/Olympic_Stadium_(Athens)', venue_image_url = 'https://upload.wikimedia.org/wikipedia/en/thumb/0/07/OAKA_Olympic_Stadium_-_Special_Olympics_2011.jpg/150px-OAKA_Olympic_Stadium_-_Special_Olympics_2011.jpg' WHERE ID = 185
2024-07-24 11:04:52.643 | INFO     | Search:search_venue:line:185 | UPDATE venue SET venue_url = 'https://wikipedia.org/wiki/Borisov_Arena', venue_image_url = 'https://upload.wikimedia.org/wikipedia/commons/thumb/9/95/Borisov-Arena_Stands2.jpg/120px-Borisov-Arena_Stands2.jpg' WHERE ID = 186
2024-07-24 11:04:55.042 | INFO     | Search:search_venue:line:185 | UPDATE venue SET venue_url = 'https://wikipedia.org/wiki/San_Siro', venue_image_url = 'https://upload.wikimedia.org/wikipedia/commons/thumb/1/17/Stadio_Meazza_2021_3.jpg/150px-Stadio_Meazza_2021_3.jpg' WHERE ID = 187
2024-07-24 11:05:01.325 | INFO     | Search:search_venue:line:185 | UPDATE venue SET venue_url = 'https://wikipedia.org/wiki/Fortuna_Arena', venue_image_url = 'https://upload.wikimedia.org/wikipedia/commons/thumb/4/49/Praha%2C_Slavia%2C_fotbalov%C3%BD_stadion_%282%29.jpg/120px-Praha%2C_Slavia%2C_fotbalov%C3%BD_stadion_%282%29.jpg' WHERE ID = 189
2024-07-24 11:05:03.443 | INFO     | Search:search_venue:line:185 | UPDATE venue SET venue_url = 'https://wikipedia.org/wiki/GSP_Stadium', venue_image_url = 'https://upload.wikimedia.org/wikipedia/commons/thumb/0/0a/APOEL_-_real_madrid_%286879935408%29.jpg/150px-APOEL_-_real_madrid_%286879935408%29.jpg' WHERE ID = 190
2024-07-24 11:05:08.610 | INFO     | Search:search_venue:line:185 | UPDATE venue SET venue_url = 'https://wikipedia.org/wiki/Karaiskakis_Stadium', venue_image_url = 'https://upload.wikimedia.org/wikipedia/commons/thumb/6/63/Karaiskakis_Stadium_Piraeus_Olympiacos-Arsenal.jpg/150px-Karaiskakis_Stadium_Piraeus_Olympiacos-Arsenal.jpg' WHERE ID = 192
2024-07-24 11:05:12.043 | INFO     | Search:search_venue:line:185 | UPDATE venue SET venue_url = 'https://wikipedia.org/wiki/Linzer_Stadion', venue_image_url = 'https://upload.wikimedia.org/wikipedia/commons/thumb/c/c2/Gugl.jpg/120px-Gugl.jpg' WHERE ID = 193
2024-07-24 11:05:18.494 | INFO     | Search:search_venue:line:185 | UPDATE venue SET venue_url = 'https://wikipedia.org/wiki/Cegeka_Arena', venue_image_url = 'https://upload.wikimedia.org/wikipedia/commons/thumb/f/f7/Cristal_Arena_Stadionplein_Genk_-_panoramio.jpg/150px-Cristal_Arena_Stadionplein_Genk_-_panoramio.jpg' WHERE ID = 195
2024-07-24 11:05:24.709 | INFO     | Search:search_venue:line:185 | UPDATE venue SET venue_url = 'https://wikipedia.org/wiki/Krasnodar_Stadium', venue_image_url = 'https://upload.wikimedia.org/wikipedia/commons/thumb/0/0d/2022._%D0%9A%D1%80%D0%B0%D1%81%D0%BD%D0%BE%D0%B4%D0%B0%D1%80_DSC_9465.jpg/150px-2022._%D0%9A%D1%80%D0%B0%D1%81%D0%BD%D0%BE%D0%B4%D0%B0%D1%80_DSC_9465.jpg' WHERE ID = 197
2024-07-24 11:05:31.907 | INFO     | Search:search_venue:line:185 | UPDATE venue SET venue_url = 'https://wikipedia.org/wiki/VEB_Arena', venue_image_url = 'https://upload.wikimedia.org/wikipedia/commons/thumb/6/67/Arena_CSKA.jpg/180px-Arena_CSKA.jpg' WHERE ID = 199
2024-07-24 11:05:34.713 | ERROR    | Search:search_venue:line:189 | Lack of venue_image_url for ID: '200'
2024-07-24 11:05:39.096 | ERROR    | Search:search_venue:line:204 | Error Occured: 'NoneType' object has no attribute 'find'
2024-07-24 11:05:39.097 | ERROR    | Search:search_venue:line:205 | Error ID: '200'
2024-07-24 11:05:42.287 | INFO     | Search:search_venue:line:185 | UPDATE venue SET venue_url = 'https://wikipedia.org/wiki/Ljudski_vrt', venue_image_url = 'https://upload.wikimedia.org/wikipedia/en/thumb/a/a3/Ljudski_vrt_2012.jpg/180px-Ljudski_vrt_2012.jpg' WHERE ID = 201
2024-07-24 11:05:46.010 | INFO     | Search:search_venue:line:185 | UPDATE venue SET venue_url = 'https://wikipedia.org/wiki/Astana_Arena', venue_image_url = 'https://upload.wikimedia.org/wikipedia/commons/thumb/4/46/Astana_Arena_%28inside_interior%29.JPG/150px-Astana_Arena_%28inside_interior%29.JPG' WHERE ID = 202
2024-07-24 11:05:49.936 | INFO     | Search:search_venue:line:185 | UPDATE venue SET venue_url = 'https://wikipedia.org/wiki/Constant_Vanden_Stock_Stadium', venue_image_url = 'https://upload.wikimedia.org/wikipedia/commons/thumb/a/ae/Stade_Constant_Vanden_Stock.jpg/150px-Stade_Constant_Vanden_Stock.jpg' WHERE ID = 203
2024-07-24 11:05:52.852 | INFO     | Search:search_venue:line:185 | UPDATE venue SET venue_url = 'https://wikipedia.org/wiki/Volksparkstadion', venue_image_url = 'https://upload.wikimedia.org/wikipedia/commons/thumb/0/0e/Volksparkstadion_logo.svg/120px-Volksparkstadion_logo.svg.png' WHERE ID = 204
2024-07-24 11:05:56.111 | INFO     | Search:search_venue:line:185 | UPDATE venue SET venue_url = 'https://wikipedia.org/wiki/Niedersachsenstadion', venue_image_url = 'https://upload.wikimedia.org/wikipedia/commons/thumb/f/fc/Hanover_stadium.jpg/150px-Hanover_stadium.jpg' WHERE ID = 205
2024-07-24 11:05:59.195 | INFO     | Search:search_venue:line:185 | UPDATE venue SET venue_url = 'https://wikipedia.org/wiki/Merkur_Spiel-Arena', venue_image_url = 'https://upload.wikimedia.org/wikipedia/commons/thumb/6/61/Merkur-Spiel-Arena.jpg/150px-Merkur-Spiel-Arena.jpg' WHERE ID = 206
2024-07-24 11:06:05.214 | INFO     | Search:search_venue:line:185 | UPDATE venue SET venue_url = 'https://wikipedia.org/wiki/Max-Morlock-Stadion', venue_image_url = 'https://upload.wikimedia.org/wikipedia/commons/thumb/3/32/Frankenstadion_1.JPG/120px-Frankenstadion_1.JPG' WHERE ID = 208
2024-07-24 11:06:08.287 | INFO     | Search:search_venue:line:185 | UPDATE venue SET venue_url = 'https://wikipedia.org/wiki/Dreisamstadion', venue_image_url = 'https://upload.wikimedia.org/wikipedia/commons/thumb/d/db/Badenova-Stadion_2011.jpg/150px-Badenova-Stadion_2011.jpg' WHERE ID = 209
2024-07-24 11:06:10.985 | INFO     | Search:search_venue:line:185 | UPDATE venue SET venue_url = 'https://wikipedia.org/wiki/Home_Deluxe_Arena', venue_image_url = 'https://upload.wikimedia.org/wikipedia/commons/thumb/a/aa/Paderborn_paragon_arena_2.jpg/180px-Paderborn_paragon_arena_2.jpg' WHERE ID = 210
2024-07-24 11:06:14.217 | INFO     | Search:search_venue:line:185 | UPDATE venue SET venue_url = 'https://wikipedia.org/wiki/Toumba_Stadium', venue_image_url = 'https://upload.wikimedia.org/wikipedia/commons/thumb/2/2b/Paok-Ajax-toumpa.jpg/180px-Paok-Ajax-toumpa.jpg' WHERE ID = 211
2024-07-24 11:06:17.352 | INFO     | Search:search_venue:line:185 | UPDATE venue SET venue_url = 'https://wikipedia.org/wiki/Aker_Stadion', venue_image_url = 'https://upload.wikimedia.org/wikipedia/commons/thumb/5/5c/Molde_-_Aker_Stadium.jpg/90px-Molde_-_Aker_Stadium.jpg' WHERE ID = 212
2024-07-24 11:06:23.637 | INFO     | Search:search_venue:line:185 | UPDATE venue SET venue_url = 'https://wikipedia.org/wiki/GSP_Stadium', venue_image_url = 'https://upload.wikimedia.org/wikipedia/commons/thumb/0/0a/APOEL_-_real_madrid_%286879935408%29.jpg/150px-APOEL_-_real_madrid_%286879935408%29.jpg' WHERE ID = 214
2024-07-24 11:06:34.573 | INFO     | Search:search_venue:line:185 | UPDATE venue SET venue_url = 'https://wikipedia.org/wiki/Bloomfield_Stadium', venue_image_url = 'https://upload.wikimedia.org/wikipedia/commons/thumb/0/0f/Bloomfield_Stadium%2C_January_2022_-_42.jpg/120px-Bloomfield_Stadium%2C_January_2022_-_42.jpg' WHERE ID = 218
2024-07-24 11:06:44.022 | INFO     | Search:search_venue:line:185 | UPDATE venue SET venue_url = 'https://wikipedia.org/wiki/Planet_Group_Arena', venue_image_url = 'https://upload.wikimedia.org/wikipedia/commons/thumb/7/73/Gent_Ghelamco_Arena_panorama.jpg/250px-Gent_Ghelamco_Arena_panorama.jpg' WHERE ID = 221
2024-07-24 11:06:51.245 | INFO     | Search:search_venue:line:185 | UPDATE venue SET venue_url = 'https://wikipedia.org/wiki/MCH_Arena', venue_image_url = 'https://upload.wikimedia.org/wikipedia/commons/thumb/1/14/MCH_Arena_Herning.JPG/150px-MCH_Arena_Herning.JPG' WHERE ID = 223
2024-07-24 11:06:57.071 | INFO     | Search:search_venue:line:185 | UPDATE venue SET venue_url = 'https://wikipedia.org/wiki/MCH_Arena', venue_image_url = 'https://upload.wikimedia.org/wikipedia/commons/thumb/1/14/MCH_Arena_Herning.JPG/150px-MCH_Arena_Herning.JPG' WHERE ID = 225
2024-07-24 11:07:00.895 | INFO     | Search:search_venue:line:185 | UPDATE venue SET venue_url = 'https://wikipedia.org/wiki/Power_Horse_Stadium', venue_image_url = 'https://upload.wikimedia.org/wikipedia/commons/thumb/7/77/PowerHorseStadium.jpg/120px-PowerHorseStadium.jpg' WHERE ID = 226
2024-07-24 11:07:13.696 | INFO     | Search:search_venue:line:185 | UPDATE venue SET venue_url = 'https://wikipedia.org/wiki/Arena_das_Dunas', venue_image_url = 'https://upload.wikimedia.org/wikipedia/commons/thumb/4/41/Arena_das_Dunas.jpg/150px-Arena_das_Dunas.jpg' WHERE ID = 230
2024-07-24 11:07:16.489 | INFO     | Search:search_venue:line:185 | UPDATE venue SET venue_url = 'https://wikipedia.org/wiki/Arena_Pernambuco', venue_image_url = 'https://upload.wikimedia.org/wikipedia/commons/thumb/b/b8/Arena_Pernambuco_Recife.jpg/150px-Arena_Pernambuco_Recife.jpg' WHERE ID = 231
2024-07-24 11:07:22.384 | INFO     | Search:search_venue:line:185 | UPDATE venue SET venue_url = 'https://wikipedia.org/wiki/Neo_Quimica_Arena', venue_image_url = 'https://upload.wikimedia.org/wikipedia/commons/thumb/b/ba/Logo_da_Neo_Qu%C3%ADmica_Arena.png/150px-Logo_da_Neo_Qu%C3%ADmica_Arena.png' WHERE ID = 233
2024-07-24 11:07:26.601 | INFO     | Search:search_venue:line:185 | UPDATE venue SET venue_url = 'https://wikipedia.org/wiki/Arena_Pantanal', venue_image_url = 'https://upload.wikimedia.org/wikipedia/commons/thumb/1/1c/Arena_Pantanal.jpg/150px-Arena_Pantanal.jpg' WHERE ID = 234
2024-07-24 11:07:29.999 | INFO     | Search:search_venue:line:185 | UPDATE venue SET venue_url = 'https://wikipedia.org/wiki/Arena_Fonte_Nova', venue_image_url = 'https://upload.wikimedia.org/wikipedia/commons/thumb/e/e9/Itaipava_Arena_-_March_2013.jpg/150px-Itaipava_Arena_-_March_2013.jpg' WHERE ID = 235
2024-07-24 11:07:35.919 | INFO     | Search:search_venue:line:185 | UPDATE venue SET venue_url = 'https://wikipedia.org/wiki/Arena_da_Baixada', venue_image_url = 'https://upload.wikimedia.org/wikipedia/commons/thumb/2/20/Arenadabaixada2.jpg/120px-Arenadabaixada2.jpg' WHERE ID = 237
2024-07-24 11:07:44.687 | INFO     | Search:search_venue:line:185 | UPDATE venue SET venue_url = 'https://wikipedia.org/wiki/Central_Stadium_(Yekaterinburg)', venue_image_url = 'https://upload.wikimedia.org/wikipedia/commons/thumb/b/b8/Central_Stadium%2C_Yekaterinburg_%28August_2022%29_-_2.jpg/180px-Central_Stadium%2C_Yekaterinburg_%28August_2022%29_-_2.jpg' WHERE ID = 240
2024-07-24 11:07:47.703 | INFO     | Search:search_venue:line:185 | UPDATE venue SET venue_url = 'https://wikipedia.org/wiki/Mordovia_Arena', venue_image_url = 'https://upload.wikimedia.org/wikipedia/commons/thumb/3/35/MordoviaArenaStadium.jpg/150px-MordoviaArenaStadium.jpg' WHERE ID = 241
2024-07-24 11:07:51.661 | INFO     | Search:search_venue:line:185 | UPDATE venue SET venue_url = 'https://wikipedia.org/wiki/Fisht_Olympic_Stadium', venue_image_url = 'https://upload.wikimedia.org/wikipedia/commons/thumb/1/1a/Sochi_adler_aerial_view_2018_23.jpg/180px-Sochi_adler_aerial_view_2018_23.jpg' WHERE ID = 242
2024-07-24 11:07:55.505 | INFO     | Search:search_venue:line:185 | UPDATE venue SET venue_url = 'https://wikipedia.org/wiki/Nizhny_Novgorod_Stadium', venue_image_url = 'https://upload.wikimedia.org/wikipedia/commons/thumb/8/8a/Nizhny_Novgorod_Stadium_asv2019-05.jpg/180px-Nizhny_Novgorod_Stadium_asv2019-05.jpg' WHERE ID = 243
2024-07-24 11:07:58.524 | INFO     | Search:search_venue:line:185 | UPDATE venue SET venue_url = 'https://wikipedia.org/wiki/Solidarnost_Samara_Arena', venue_image_url = 'https://upload.wikimedia.org/wikipedia/commons/thumb/2/28/Samara_Arena.jpg/180px-Samara_Arena.jpg' WHERE ID = 244
2024-07-24 11:08:01.917 | INFO     | Search:search_venue:line:185 | UPDATE venue SET venue_url = 'https://wikipedia.org/wiki/Lukoil_Arena', venue_image_url = 'https://upload.wikimedia.org/wikipedia/commons/thumb/1/16/%D0%A1%D1%82%D0%B0%D0%B4%D0%B8%D0%BE%D0%BD_%C2%AB%D0%9B%D1%83%D0%BA%D0%BE%D0%B9%D0%BB_%D0%90%D1%80%D0%B5%D0%BD%D0%B0%C2%BB_%D0%B2_%D0%9C%D0%BE%D1%81%D0%BA%D0%B2%D0%B5_%2808.01.2024%29_01.jpg/180px-%D0%A1%D1%82%D0%B0%D0%B4%D0%B8%D0%BE%D0%BD_%C2%AB%D0%9B%D1%83%D0%BA%D0%BE%D0%B9%D0%BB_%D0%90%D1%80%D0%B5%D0%BD%D0%B0%C2%BB_%D0%B2_%D0%9C%D0%BE%D1%81%D0%BA%D0%B2%D0%B5_%2808.01.2024%29_01.jpg' WHERE ID = 245
2024-07-24 11:08:04.256 | INFO     | Search:search_venue:line:185 | UPDATE venue SET venue_url = 'https://wikipedia.org/wiki/Volgograd_Arena', venue_image_url = 'https://upload.wikimedia.org/wikipedia/commons/thumb/a/af/Volgograd_arena_aerial_view_1.jpg/180px-Volgograd_arena_aerial_view_1.jpg' WHERE ID = 246
2024-07-24 11:08:06.828 | INFO     | Search:search_venue:line:185 | UPDATE venue SET venue_url = 'https://wikipedia.org/wiki/Ak_Bars_Arena', venue_image_url = 'https://upload.wikimedia.org/wikipedia/commons/thumb/6/69/Kazan-kazanarena-b.jpg/120px-Kazan-kazanarena-b.jpg' WHERE ID = 247
2024-07-24 11:08:08.963 | INFO     | Search:search_venue:line:185 | UPDATE venue SET venue_url = 'https://wikipedia.org/wiki/Rostov_Arena', venue_image_url = 'https://upload.wikimedia.org/wikipedia/commons/thumb/1/1f/Rostov_Arena_2021.jpg/150px-Rostov_Arena_2021.jpg' WHERE ID = 248
2024-07-24 11:08:12.496 | INFO     | Search:search_venue:line:185 | UPDATE venue SET venue_url = 'https://wikipedia.org/wiki/Khalifa_International_Stadium', venue_image_url = 'https://upload.wikimedia.org/wikipedia/en/thumb/7/71/Khalifa-newStadium-Doha-2016-PTFE_roof.jpg/150px-Khalifa-newStadium-Doha-2016-PTFE_roof.jpg' WHERE ID = 249
2024-07-24 11:08:16.167 | INFO     | Search:search_venue:line:185 | UPDATE venue SET venue_url = 'https://wikipedia.org/wiki/Education_City_Stadium', venue_image_url = 'https://upload.wikimedia.org/wikipedia/en/thumb/5/5c/Education_City_Stadium.jpg/150px-Education_City_Stadium.jpg' WHERE ID = 250
2024-07-24 11:08:20.262 | INFO     | Search:search_venue:line:185 | UPDATE venue SET venue_url = 'https://wikipedia.org/wiki/Al_Bayt_Stadium', venue_image_url = 'https://upload.wikimedia.org/wikipedia/en/thumb/7/71/Al_Bayt_Stadium_architecture.jpg/120px-Al_Bayt_Stadium_architecture.jpg' WHERE ID = 251
2024-07-24 11:08:23.937 | INFO     | Search:search_venue:line:185 | UPDATE venue SET venue_url = 'https://wikipedia.org/wiki/Lusail_Stadium', venue_image_url = 'https://upload.wikimedia.org/wikipedia/en/thumb/b/be/Aerial_view_of_Lusail_Stadium_in_2022.png/200px-Aerial_view_of_Lusail_Stadium_in_2022.png' WHERE ID = 252
2024-07-24 11:08:31.212 | INFO     | Search:search_venue:line:185 | UPDATE venue SET venue_url = 'https://wikipedia.org/wiki/Al_Janoub_Stadium', venue_image_url = 'https://upload.wikimedia.org/wikipedia/commons/thumb/9/99/28_10_2019_Visita_ao_est%C3%A1dio_de_futebol_Al_Janoub_%2848977932316%29.jpg/150px-28_10_2019_Visita_ao_est%C3%A1dio_de_futebol_Al_Janoub_%2848977932316%29.jpg' WHERE ID = 254
2024-07-24 11:08:34.555 | INFO     | Search:search_venue:line:185 | UPDATE venue SET venue_url = 'https://wikipedia.org/wiki/Al_Thumama_Stadium', venue_image_url = 'https://upload.wikimedia.org/wikipedia/en/thumb/d/d6/Al_Thumama_Stadium_%282%29.jpg/220px-Al_Thumama_Stadium_%282%29.jpg' WHERE ID = 255
2024-07-24 11:08:36.907 | INFO     | Search:search_venue:line:185 | UPDATE venue SET venue_url = 'https://wikipedia.org/wiki/Ahmad_bin_Ali_Stadium', venue_image_url = 'https://upload.wikimedia.org/wikipedia/en/thumb/e/ee/Ahmad_bin_Ali_Stadium.jpg/180px-Ahmad_bin_Ali_Stadium.jpg' WHERE ID = 256
2024-07-24 11:09:10.266 | INFO     | Search:search_venue:line:184 | UPDATE venue SET venue_url = 'https://wikipedia.org/wiki/Stadio_Atleti_Azzurri_d%27Italia', venue_image_url = 'https://upload.wikimedia.org/wikipedia/commons/thumb/5/5f/The_outside_of_the_Gewiss_Stadium_in_2020.jpg/120px-The_outside_of_the_Gewiss_Stadium_in_2020.jpg' WHERE ID = 9
2024-07-24 11:09:13.498 | INFO     | Search:search_venue:line:184 | UPDATE venue SET venue_url = 'https://wikipedia.org/wiki/St_Mary%27s_Stadium', venue_image_url = 'https://upload.wikimedia.org/wikipedia/commons/thumb/5/52/St_Mary%27s_Stadium_%282%29.jpg/120px-St_Mary%27s_Stadium_%282%29.jpg' WHERE ID = 26
2024-07-24 11:09:16.898 | INFO     | Search:search_venue:line:184 | UPDATE venue SET venue_url = 'https://wikipedia.org/wiki/St_James%27_Park', venue_image_url = 'https://upload.wikimedia.org/wikipedia/commons/thumb/6/6d/Stjamesparkaerial-cb12085-me.jpg/150px-Stjamesparkaerial-cb12085-me.jpg' WHERE ID = 31
2024-07-24 11:09:19.795 | INFO     | Search:search_venue:line:184 | UPDATE venue SET venue_url = 'https://wikipedia.org/wiki/Stadio_Renato_Dall%27Ara', venue_image_url = 'https://upload.wikimedia.org/wikipedia/commons/thumb/e/e5/Stadio_Dall%27Ara_01-02-2020.jpg/180px-Stadio_Dall%27Ara_01-02-2020.jpg' WHERE ID = 39
2024-07-24 11:09:23.515 | ERROR    | Search:search_venue:line:188 | Lack of venue_image_url for ID: '40'
2024-07-24 11:09:26.745 | ERROR    | Search:search_venue:line:203 | Error Occured: 'NoneType' object has no attribute 'find'
2024-07-24 11:09:26.745 | ERROR    | Search:search_venue:line:204 | Error ID: '40'
2024-07-24 11:09:30.490 | INFO     | Search:search_venue:line:184 | UPDATE venue SET venue_url = 'https://wikipedia.org/wiki/%C5%9Eenol_G%C3%BCne%C5%9F_Sports_Complex', venue_image_url = 'https://upload.wikimedia.org/wikipedia/commons/thumb/0/0a/%C5%9Eenol_G%C3%BCne%C5%9F_Stadium.jpg/120px-%C5%9Eenol_G%C3%BCne%C5%9F_Stadium.jpg' WHERE ID = 43
2024-07-24 11:09:33.639 | ERROR    | Search:search_venue:line:188 | Lack of venue_image_url for ID: '44'
2024-07-24 11:09:36.249 | ERROR    | Search:search_venue:line:203 | Error Occured: 'NoneType' object has no attribute 'find'
2024-07-24 11:09:36.250 | ERROR    | Search:search_venue:line:204 | Error ID: '44'
2024-07-24 11:09:39.314 | INFO     | Search:search_venue:line:184 | UPDATE venue SET venue_url = 'https://wikipedia.org/wiki/Est%C3%A1dio_da_Luz', venue_image_url = 'https://upload.wikimedia.org/wikipedia/commons/thumb/a/ab/Estadio_Benfica_April_2013-1.jpg/180px-Estadio_Benfica_April_2013-1.jpg' WHERE ID = 47
2024-07-24 11:09:42.554 | INFO     | Search:search_venue:line:184 | UPDATE venue SET venue_url = 'https://wikipedia.org/wiki/Est%C3%A1dio_Jos%C3%A9_Alvalade', venue_image_url = 'https://upload.wikimedia.org/wikipedia/commons/thumb/c/cc/Alvalade0023.jpg/120px-Alvalade0023.jpg' WHERE ID = 51
2024-07-24 11:09:45.463 | INFO     | Search:search_venue:line:184 | UPDATE venue SET venue_url = 'https://wikipedia.org/wiki/Stade_V%C3%A9lodrome', venue_image_url = 'https://upload.wikimedia.org/wikipedia/en/thumb/7/73/Stade_V%C3%A9lodrome.png/180px-Stade_V%C3%A9lodrome.png' WHERE ID = 52
2024-07-24 11:09:47.975 | INFO     | Search:search_venue:line:184 | UPDATE venue SET venue_url = 'https://wikipedia.org/wiki/Est%C3%A1dio_do_Drag%C3%A3o', venue_image_url = 'https://upload.wikimedia.org/wikipedia/commons/thumb/b/b8/Porto_Est%C3%A1dio_do_Drag%C3%A3o_2.jpg/150px-Porto_Est%C3%A1dio_do_Drag%C3%A3o_2.jpg' WHERE ID = 55
2024-07-24 11:09:50.797 | ERROR    | Search:search_venue:line:188 | Lack of venue_image_url for ID: '57'
2024-07-24 11:09:53.463 | ERROR    | Search:search_venue:line:203 | Error Occured: 'NoneType' object has no attribute 'find'
2024-07-24 11:09:53.463 | ERROR    | Search:search_venue:line:204 | Error ID: '57'
2024-07-24 11:09:56.341 | INFO     | Search:search_venue:line:184 | UPDATE venue SET venue_url = 'https://wikipedia.org/wiki/Ram%C3%B3n_S%C3%A1nchez_Pizju%C3%A1n_Stadium', venue_image_url = 'https://upload.wikimedia.org/wikipedia/commons/thumb/1/17/Sevilla2-1Lega20182.jpg/120px-Sevilla2-1Lega20182.jpg' WHERE ID = 59
2024-07-24 11:09:59.473 | INFO     | Search:search_venue:line:184 | UPDATE venue SET venue_url = 'https://wikipedia.org/wiki/Santiago_Bernab%C3%A9u_Stadium', venue_image_url = 'https://upload.wikimedia.org/wikipedia/commons/thumb/0/0e/Estadio_Santiago_Bernab%C3%A9u_Madrid.jpg/180px-Estadio_Santiago_Bernab%C3%A9u_Madrid.jpg' WHERE ID = 60
2024-07-24 11:10:02.174 | INFO     | Search:search_venue:line:184 | UPDATE venue SET venue_url = 'https://wikipedia.org/wiki/N%C3%A1rodn%C3%BD_futbalov%C3%BD_%C5%A1tadi%C3%B3n', venue_image_url = 'https://upload.wikimedia.org/wikipedia/commons/thumb/1/1e/Slovakia_bratislava_N%C3%A1rodn%C3%BD_futbalov%C3%BD_%C5%A1tadi%C3%B3n.jpg/150px-Slovakia_bratislava_N%C3%A1rodn%C3%BD_futbalov%C3%BD_%C5%A1tadi%C3%B3n.jpg' WHERE ID = 70
2024-07-24 11:10:04.504 | INFO     | Search:search_venue:line:184 | UPDATE venue SET venue_url = 'https://wikipedia.org/wiki/Ferencv%C3%A1ros_Stadion', venue_image_url = 'https://upload.wikimedia.org/wikipedia/commons/thumb/7/79/2019-05-17_Fu%C3%9Fball%2C_Frauen%2C_UEFA_Women%27s_Champions_League%2C_Olympique_Lyonnais_-_FC_Barcelona_StP_0016_LR10_by_Stepro.jpg/150px-2019-05-17_Fu%C3%9Fball%2C_Frauen%2C_UEFA_Women%27s_Champions_League%2C_Olympique_Lyonnais_-_FC_Barcelona_StP_0016_LR10_by_Stepro.jpg' WHERE ID = 72
2024-07-24 11:10:07.027 | INFO     | Search:search_venue:line:184 | UPDATE venue SET venue_url = 'https://wikipedia.org/wiki/Atat%C3%BCrk_Olympic_Stadium', venue_image_url = 'https://upload.wikimedia.org/wikipedia/commons/thumb/4/4e/Istanbul_Atat%C3%BCrk_Olympic_Stadium_1.jpg/180px-Istanbul_Atat%C3%BCrk_Olympic_Stadium_1.jpg' WHERE ID = 73
2024-07-24 11:10:10.018 | INFO     | Search:search_venue:line:184 | UPDATE venue SET venue_url = 'https://wikipedia.org/wiki/Stade_Francis-Le_Bl%C3%A9', venue_image_url = 'https://upload.wikimedia.org/wikipedia/commons/thumb/0/0c/Stade_Francis-Le_Bl%C3%A9.JPG/180px-Stade_Francis-Le_Bl%C3%A9.JPG' WHERE ID = 84
2024-07-24 11:10:12.357 | INFO     | Search:search_venue:line:184 | UPDATE venue SET venue_url = 'https://wikipedia.org/wiki/Estadio_Jos%C3%A9_Zorrilla', venue_image_url = 'https://upload.wikimedia.org/wikipedia/commons/thumb/2/23/Valladolid-Lugo_02-05-2022.jpg/180px-Valladolid-Lugo_02-05-2022.jpg' WHERE ID = 85
2024-07-24 11:10:15.306 | INFO     | Search:search_venue:line:184 | UPDATE venue SET venue_url = 'https://wikipedia.org/wiki/Campo_de_F%C3%BAtbol_de_Vallecas', venue_image_url = 'https://upload.wikimedia.org/wikipedia/commons/thumb/f/f7/Rayo0-1LegaCopa2018.jpg/120px-Rayo0-1LegaCopa2018.jpg' WHERE ID = 86
2024-07-24 11:10:18.268 | INFO     | Search:search_venue:line:184 | UPDATE venue SET venue_url = 'https://wikipedia.org/wiki/Estadio_Benito_Villamar%C3%ADn', venue_image_url = 'https://upload.wikimedia.org/wikipedia/commons/thumb/6/6d/Estadio_Benito_Villamar%C3%ADn_2018001.jpg/150px-Estadio_Benito_Villamar%C3%ADn_2018001.jpg' WHERE ID = 87
2024-07-24 11:10:21.035 | INFO     | Search:search_venue:line:184 | UPDATE venue SET venue_url = 'https://wikipedia.org/wiki/San_Mam%C3%A9s_Stadium_(2013)', venue_image_url = 'https://upload.wikimedia.org/wikipedia/commons/thumb/e/ee/Panorama_im_San_Mam%C3%A9s_Stadion.jpg/150px-Panorama_im_San_Mam%C3%A9s_Stadion.jpg' WHERE ID = 88
2024-07-24 11:10:23.654 | INFO     | Search:search_venue:line:184 | UPDATE venue SET venue_url = 'https://wikipedia.org/wiki/Bala%C3%ADdos', venue_image_url = 'https://upload.wikimedia.org/wikipedia/commons/thumb/5/58/Balaidos_hoy.jpg/200px-Balaidos_hoy.jpg' WHERE ID = 89
2024-07-24 11:10:26.032 | ERROR    | Search:search_venue:line:188 | Lack of venue_image_url for ID: '96'
2024-07-24 11:10:30.028 | INFO     | Search:search_venue:line:200 | UPDATE venue SET venue_url = 'https://wikipedia.org/wiki/2017%E2%80%9318_Olympique_Lyonnais_F%C3%A9minin_season'WHERE ID = 96
2024-07-24 11:10:33.337 | ERROR    | Search:search_venue:line:188 | Lack of venue_image_url for ID: '107'
2024-07-24 11:10:35.667 | ERROR    | Search:search_venue:line:203 | Error Occured: 'NoneType' object has no attribute 'find'
2024-07-24 11:10:35.667 | ERROR    | Search:search_venue:line:204 | Error ID: '107'
2024-07-24 11:10:40.296 | INFO     | Search:search_venue:line:184 | UPDATE venue SET venue_url = 'https://wikipedia.org/wiki/Stadion_An_der_Alten_F%C3%B6rsterei', venue_image_url = 'https://upload.wikimedia.org/wikipedia/commons/thumb/4/47/Berlin_alte_f%C3%B6rsterei.jpg/150px-Berlin_alte_f%C3%B6rsterei.jpg' WHERE ID = 111
2024-07-24 11:10:43.373 | INFO     | Search:search_venue:line:184 | UPDATE venue SET venue_url = 'https://wikipedia.org/wiki/Estadio_Mart%C3%ADnez_Valero', venue_image_url = 'https://upload.wikimedia.org/wikipedia/commons/thumb/d/d3/Panor%C3%A1mica_del_estadio.jpg/250px-Panor%C3%A1mica_del_estadio.jpg' WHERE ID = 113
2024-07-24 11:10:46.756 | ERROR    | Search:search_venue:line:188 | Lack of venue_image_url for ID: '116'
2024-07-24 11:10:49.150 | ERROR    | Search:search_venue:line:203 | Error Occured: 'NoneType' object has no attribute 'find'
2024-07-24 11:10:49.150 | ERROR    | Search:search_venue:line:204 | Error ID: '116'
2024-07-24 11:10:51.961 | INFO     | Search:search_venue:line:184 | UPDATE venue SET venue_url = 'https://wikipedia.org/wiki/Estadi_Ciutat_de_Val%C3%A8ncia', venue_image_url = 'https://upload.wikimedia.org/wikipedia/commons/thumb/d/d3/Estadi_Ciutat_de_Val%C3%A8ncia_-_nocturna.jpg/120px-Estadi_Ciutat_de_Val%C3%A8ncia_-_nocturna.jpg' WHERE ID = 117
2024-07-24 11:10:54.599 | INFO     | Search:search_venue:line:184 | UPDATE venue SET venue_url = 'https://wikipedia.org/wiki/Nuevo_Estadio_de_Los_C%C3%A1rmenes', venue_image_url = 'https://upload.wikimedia.org/wikipedia/commons/thumb/5/5e/Estadio_Nuevo_Los_C%C3%A1rmenes.jpg/150px-Estadio_Nuevo_Los_C%C3%A1rmenes.jpg' WHERE ID = 121
2024-07-24 11:10:56.759 | INFO     | Search:search_venue:line:184 | UPDATE venue SET venue_url = 'https://wikipedia.org/wiki/Estadio_de_la_Cer%C3%A1mica', venue_image_url = 'https://upload.wikimedia.org/wikipedia/commons/thumb/c/cc/Estadio_de_La_Ceramica.jpg/150px-Estadio_de_La_Ceramica.jpg' WHERE ID = 122
2024-07-24 11:10:58.668 | INFO     | Search:search_venue:line:184 | UPDATE venue SET venue_url = 'https://wikipedia.org/wiki/Estadi_Ol%C3%ADmpic_Llu%C3%ADs_Companys', venue_image_url = 'https://upload.wikimedia.org/wikipedia/commons/thumb/d/d8/Estadi_Ol%C3%ADmpic_Llu%C3%ADs_Companys.JPG/150px-Estadi_Ol%C3%ADmpic_Llu%C3%ADs_Companys.JPG' WHERE ID = 125
2024-07-24 11:11:01.338 | INFO     | Search:search_venue:line:184 | UPDATE venue SET venue_url = 'https://wikipedia.org/wiki/Ko%C5%A1ick%C3%A1_futbalov%C3%A1_ar%C3%A9na', venue_image_url = 'https://upload.wikimedia.org/wikipedia/commons/thumb/c/c2/KFA_Kosicka_Futbalova_Arena.jpg/180px-KFA_Kosicka_Futbalova_Arena.jpg' WHERE ID = 130
2024-07-24 11:11:03.766 | INFO     | Search:search_venue:line:184 | UPDATE venue SET venue_url = 'https://wikipedia.org/wiki/Est%C3%A1dio_Municipal_de_Braga', venue_image_url = 'https://upload.wikimedia.org/wikipedia/commons/thumb/7/77/Eduardo_Souto_de_Moura_-_Braga_Stadium_02_%286010593292%29.jpg/120px-Eduardo_Souto_de_Moura_-_Braga_Stadium_02_%286010593292%29.jpg' WHERE ID = 132
2024-07-24 11:11:06.246 | ERROR    | Search:search_venue:line:188 | Lack of venue_image_url for ID: '140'
2024-07-24 11:11:09.483 | ERROR    | Search:search_venue:line:203 | Error Occured: 'NoneType' object has no attribute 'find'
2024-07-24 11:11:09.483 | ERROR    | Search:search_venue:line:204 | Error ID: '140'
2024-07-24 11:11:12.837 | INFO     | Search:search_venue:line:184 | UPDATE venue SET venue_url = 'https://wikipedia.org/wiki/Bet365_Stadium', venue_image_url = 'https://upload.wikimedia.org/wikipedia/commons/thumb/d/da/Britannia_Stadium_1.JPG/120px-Britannia_Stadium_1.JPG' WHERE ID = 145
2024-07-24 11:11:15.841 | INFO     | Search:search_venue:line:184 | UPDATE venue SET venue_url = 'https://wikipedia.org/wiki/Stadion,_Malm%C3%B6', venue_image_url = 'https://upload.wikimedia.org/wikipedia/commons/thumb/4/4e/Sweden_malm%C3%B6_eleda_stadion_nya_stadion.jpg/150px-Sweden_malm%C3%B6_eleda_stadion_nya_stadion.jpg' WHERE ID = 151
2024-07-24 11:11:21.563 | ERROR    | Search:search_venue:line:188 | Lack of venue_image_url for ID: '40'
2024-07-24 11:11:29.329 | ERROR    | Search:search_venue:line:188 | Lack of venue_image_url for ID: '40'
2024-07-24 11:11:56.626 | ERROR    | Search:search_venue:line:188 | Lack of venue_image_url for ID: '40'
2024-07-24 11:12:19.042 | ERROR    | Search:search_venue:line:188 | Lack of venue_image_url for ID: '40'
2024-07-24 11:12:53.874 | INFO     | Search:search_venue:line:176 | https://en.wikipedia.org/w/index.php?fulltext=1&ns0=1&profile=advanced&search=Vitality+Stadium&title=Special:Search
2024-07-24 11:14:27.970 | INFO     | Search:search_venue:line:176 | https://en.wikipedia.org/w/index.php?fulltext=1&ns0=1&profile=advanced&search=Vitality+Stadium&title=Special:Search
2024-07-24 11:14:27.995 | ERROR    | Search:search_venue:line:189 | Lack of venue_image_url for ID: '40'
2024-07-24 11:14:31.986 | ERROR    | Search:search_venue:line:204 | Error Occured: 'NoneType' object has no attribute 'find'
2024-07-24 11:14:31.987 | ERROR    | Search:search_venue:line:205 | Error ID: '40'
2024-07-24 11:15:37.622 | INFO     | Search:search_venue:line:176 | https://en.wikipedia.org/w/index.php?fulltext=1&ns0=1&profile=advanced&search=Vitality+Stadium&title=Special:Search
2024-07-24 11:15:37.649 | ERROR    | Search:search_venue:line:189 | Lack of venue_image_url for ID: '40'
2024-07-24 11:15:41.073 | ERROR    | Search:search_venue:line:204 | Error Occured: 'NoneType' object has no attribute 'find'
2024-07-24 11:15:41.074 | ERROR    | Search:search_venue:line:205 | Error ID: '40'
2024-07-24 11:15:43.063 | INFO     | Search:search_venue:line:176 | https://en.wikipedia.org/w/index.php?fulltext=1&ns0=1&profile=advanced&search=Den+Dreef&title=Special:Search
2024-07-24 11:15:43.090 | ERROR    | Search:search_venue:line:189 | Lack of venue_image_url for ID: '44'
2024-07-24 11:15:46.883 | ERROR    | Search:search_venue:line:204 | Error Occured: 'NoneType' object has no attribute 'find'
2024-07-24 11:15:46.883 | ERROR    | Search:search_venue:line:205 | Error ID: '44'
2024-07-24 11:15:48.757 | INFO     | Search:search_venue:line:176 | https://en.wikipedia.org/w/index.php?fulltext=1&ns0=1&profile=advanced&search=AEK+Arena&title=Special:Search
2024-07-24 11:15:48.784 | ERROR    | Search:search_venue:line:189 | Lack of venue_image_url for ID: '57'
2024-07-24 11:15:50.902 | ERROR    | Search:search_venue:line:204 | Error Occured: 'NoneType' object has no attribute 'find'
2024-07-24 11:15:50.902 | ERROR    | Search:search_venue:line:205 | Error ID: '57'
2024-07-24 11:15:53.817 | INFO     | Search:search_venue:line:176 | https://en.wikipedia.org/w/index.php?fulltext=1&ns0=1&profile=advanced&search=Volkswagen+Arena&title=Special:Search
2024-07-24 11:15:53.849 | ERROR    | Search:search_venue:line:189 | Lack of venue_image_url for ID: '107'
2024-07-24 11:15:57.707 | ERROR    | Search:search_venue:line:204 | Error Occured: 'NoneType' object has no attribute 'find'
2024-07-24 11:15:57.707 | ERROR    | Search:search_venue:line:205 | Error ID: '107'
2024-07-24 11:16:00.232 | INFO     | Search:search_venue:line:176 | https://en.wikipedia.org/w/index.php?fulltext=1&ns0=1&profile=advanced&search=Reale+Arena&title=Special:Search
2024-07-24 11:16:00.260 | ERROR    | Search:search_venue:line:189 | Lack of venue_image_url for ID: '116'
2024-07-24 11:16:02.567 | ERROR    | Search:search_venue:line:204 | Error Occured: 'NoneType' object has no attribute 'find'
2024-07-24 11:16:02.571 | ERROR    | Search:search_venue:line:205 | Error ID: '116'
2024-07-24 11:16:06.666 | INFO     | Search:search_venue:line:176 | https://en.wikipedia.org/w/index.php?fulltext=1&ns0=1&profile=advanced&search=The+Hawthorns&title=Special:Search
2024-07-24 11:16:06.697 | ERROR    | Search:search_venue:line:189 | Lack of venue_image_url for ID: '140'
2024-07-24 11:16:09.142 | ERROR    | Search:search_venue:line:204 | Error Occured: 'NoneType' object has no attribute 'find'
2024-07-24 11:16:09.142 | ERROR    | Search:search_venue:line:205 | Error ID: '140'
2024-07-24 11:16:12.370 | INFO     | Search:search_venue:line:176 | https://en.wikipedia.org/w/index.php?fulltext=1&ns0=1&profile=advanced&search=Tupras+Stadium&title=Special:Search
2024-07-24 11:16:12.400 | INFO     | Search:search_venue:line:185 | UPDATE venue SET venue_url = 'https://wikipedia.org/wiki/Be%C5%9Fikta%C5%9F_Stadium', venue_image_url = 'https://upload.wikimedia.org/wikipedia/commons/thumb/6/65/BJK_T%C3%BCpra%C5%9F_Stadyumu_logo.png/120px-BJK_T%C3%BCpra%C5%9F_Stadyumu_logo.png' WHERE ID = 153
2024-07-24 11:16:14.788 | INFO     | Search:search_venue:line:176 | https://en.wikipedia.org/w/index.php?fulltext=1&ns0=1&profile=advanced&search=OSC+Metalist&title=Special:Search
2024-07-24 11:16:14.813 | INFO     | Search:search_venue:line:185 | UPDATE venue SET venue_url = 'https://wikipedia.org/wiki/FC_Metalist_1925_Kharkiv', venue_image_url = 'https://upload.wikimedia.org/wikipedia/commons/thumb/b/bc/FC_Metalist_1925_Kharkiv_logo.png/120px-FC_Metalist_1925_Kharkiv_logo.png' WHERE ID = 156
2024-07-24 11:16:17.087 | INFO     | Search:search_venue:line:176 | https://en.wikipedia.org/w/index.php?fulltext=1&ns0=1&profile=advanced&search=Alfredo+di+St%C3%A9fano+Stadium&title=Special:Search
2024-07-24 11:16:17.114 | INFO     | Search:search_venue:line:185 | UPDATE venue SET venue_url = 'https://wikipedia.org/wiki/Alfredo_Di_St%C3%A9fano_Stadium', venue_image_url = 'https://upload.wikimedia.org/wikipedia/commons/thumb/0/0d/Estadio_Alfredo_Di_St%C3%A9fano.JPG/150px-Estadio_Alfredo_Di_St%C3%A9fano.JPG' WHERE ID = 158
2024-07-24 11:16:19.750 | INFO     | Search:search_venue:line:176 | https://en.wikipedia.org/w/index.php?fulltext=1&ns0=1&profile=advanced&search=PreZero+Arena&title=Special:Search
2024-07-24 11:16:19.781 | ERROR    | Search:search_venue:line:189 | Lack of venue_image_url for ID: '166'
2024-07-24 11:16:21.943 | ERROR    | Search:search_venue:line:204 | Error Occured: 'NoneType' object has no attribute 'find'
2024-07-24 11:16:21.944 | ERROR    | Search:search_venue:line:205 | Error ID: '166'
2024-07-24 11:16:24.922 | INFO     | Search:search_venue:line:176 | https://en.wikipedia.org/w/index.php?fulltext=1&ns0=1&profile=advanced&search=Merck-Stadion+am+Bollenfalltor&title=Special:Search
2024-07-24 11:16:24.949 | INFO     | Search:search_venue:line:185 | UPDATE venue SET venue_url = 'https://wikipedia.org/wiki/Merck-Stadion_am_B%C3%B6llenfalltor', venue_image_url = 'https://upload.wikimedia.org/wikipedia/commons/thumb/6/6a/Gegengerade_des_Stadions_am_B%C3%B6llenfalltor_in_Darmstadt_gegen_Dortmund_am_13._Januar_2024.jpg/120px-Gegengerade_des_Stadions_am_B%C3%B6llenfalltor_in_Darmstadt_gegen_Dortmund_am_13._Januar_2024.jpg' WHERE ID = 170
2024-07-24 11:16:27.275 | INFO     | Search:search_venue:line:176 | https://en.wikipedia.org/w/index.php?fulltext=1&ns0=1&profile=advanced&search=Stade+Raymond-Kopa&title=Special:Search
2024-07-24 11:16:27.304 | ERROR    | Search:search_venue:line:189 | Lack of venue_image_url for ID: '174'
2024-07-24 11:16:30.858 | ERROR    | Search:search_venue:line:204 | Error Occured: 'NoneType' object has no attribute 'find'
2024-07-24 11:16:30.859 | ERROR    | Search:search_venue:line:205 | Error ID: '174'
2024-07-24 11:16:33.148 | INFO     | Search:search_venue:line:176 | https://en.wikipedia.org/w/index.php?fulltext=1&ns0=1&profile=advanced&search=Stade+des+Costi%C3%A8res&title=Special:Search
2024-07-24 11:16:33.172 | INFO     | Search:search_venue:line:185 | UPDATE venue SET venue_url = 'https://wikipedia.org/wiki/Stade_des_Costi%C3%A8res', venue_image_url = 'https://upload.wikimedia.org/wikipedia/commons/thumb/0/04/N%C3%AEmes-Tours_septembre2008.JPG/120px-N%C3%AEmes-Tours_septembre2008.JPG' WHERE ID = 181
2024-07-24 11:16:35.244 | INFO     | Search:search_venue:line:176 | https://en.wikipedia.org/w/index.php?fulltext=1&ns0=1&profile=advanced&search=Maurice+Dufrasnestadion&title=Special:Search
2024-07-24 11:16:35.258 | ERROR    | Search:search_venue:line:189 | Lack of venue_image_url for ID: '183'
2024-07-24 11:16:37.845 | ERROR    | Search:search_venue:line:204 | Error Occured: 'NoneType' object has no attribute 'find'
2024-07-24 11:16:37.845 | ERROR    | Search:search_venue:line:205 | Error ID: '183'
2024-07-24 11:16:40.226 | INFO     | Search:search_venue:line:176 | https://en.wikipedia.org/w/index.php?fulltext=1&ns0=1&profile=advanced&search=Est%C3%A1dio+Jos%C3%A9+Alvalade&title=Special:Search
2024-07-24 11:16:40.254 | INFO     | Search:search_venue:line:185 | UPDATE venue SET venue_url = 'https://wikipedia.org/wiki/Est%C3%A1dio_Jos%C3%A9_Alvalade', venue_image_url = 'https://upload.wikimedia.org/wikipedia/commons/thumb/c/cc/Alvalade0023.jpg/120px-Alvalade0023.jpg' WHERE ID = 188
2024-07-24 11:16:42.371 | INFO     | Search:search_venue:line:176 | https://en.wikipedia.org/w/index.php?fulltext=1&ns0=1&profile=advanced&search=Stadionul+Dr.+Constantin+R%C4%83dulescu&title=Special:Search
2024-07-24 11:16:42.474 | INFO     | Search:search_venue:line:185 | UPDATE venue SET venue_url = 'https://wikipedia.org/wiki/Dr._Constantin_R%C4%83dulescu_Stadium', venue_image_url = 'https://upload.wikimedia.org/wikipedia/commons/thumb/2/29/Cluj-Napoca_Stadionul_Dr._Constantin_R%C4%83dulescu_1.jpg/150px-Cluj-Napoca_Stadionul_Dr._Constantin_R%C4%83dulescu_1.jpg' WHERE ID = 191
2024-07-24 11:16:44.346 | INFO     | Search:search_venue:line:176 | https://en.wikipedia.org/w/index.php?fulltext=1&ns0=1&profile=advanced&search=Est%C3%A1dio+da+Luz&title=Special:Search
2024-07-24 11:16:44.368 | INFO     | Search:search_venue:line:185 | UPDATE venue SET venue_url = 'https://wikipedia.org/wiki/Est%C3%A1dio_da_Luz', venue_image_url = 'https://upload.wikimedia.org/wikipedia/commons/thumb/a/ab/Estadio_Benfica_April_2013-1.jpg/180px-Estadio_Benfica_April_2013-1.jpg' WHERE ID = 194
2024-07-24 11:16:46.740 | INFO     | Search:search_venue:line:176 | https://en.wikipedia.org/w/index.php?fulltext=1&ns0=1&profile=advanced&search=Est%C3%A1dio+da+Luz&title=Special:Search
2024-07-24 11:16:46.764 | INFO     | Search:search_venue:line:185 | UPDATE venue SET venue_url = 'https://wikipedia.org/wiki/Est%C3%A1dio_da_Luz', venue_image_url = 'https://upload.wikimedia.org/wikipedia/commons/thumb/a/ab/Estadio_Benfica_April_2013-1.jpg/180px-Estadio_Benfica_April_2013-1.jpg' WHERE ID = 196
2024-07-24 11:16:49.774 | INFO     | Search:search_venue:line:176 | https://en.wikipedia.org/w/index.php?fulltext=1&ns0=1&profile=advanced&search=Est%C3%A1dio+Jos%C3%A9+Alvalade&title=Special:Search
2024-07-24 11:16:49.802 | INFO     | Search:search_venue:line:185 | UPDATE venue SET venue_url = 'https://wikipedia.org/wiki/Est%C3%A1dio_Jos%C3%A9_Alvalade', venue_image_url = 'https://upload.wikimedia.org/wikipedia/commons/thumb/c/cc/Alvalade0023.jpg/120px-Alvalade0023.jpg' WHERE ID = 198
2024-07-24 11:16:52.969 | INFO     | Search:search_venue:line:176 | https://en.wikipedia.org/w/index.php?fulltext=1&ns0=1&profile=advanced&search=Stadion+Partizana&title=Special:Search
2024-07-24 11:16:52.992 | ERROR    | Search:search_venue:line:189 | Lack of venue_image_url for ID: '200'
2024-07-24 11:16:56.139 | ERROR    | Search:search_venue:line:204 | Error Occured: 'NoneType' object has no attribute 'find'
2024-07-24 11:16:56.139 | ERROR    | Search:search_venue:line:205 | Error ID: '200'
2024-07-24 11:16:58.370 | INFO     | Search:search_venue:line:176 | https://en.wikipedia.org/w/index.php?fulltext=1&ns0=1&profile=advanced&search=Stadion+An+der+Alten+F%C3%B6rsterei&title=Special:Search
2024-07-24 11:16:58.399 | INFO     | Search:search_venue:line:185 | UPDATE venue SET venue_url = 'https://wikipedia.org/wiki/Stadion_An_der_Alten_F%C3%B6rsterei', venue_image_url = 'https://upload.wikimedia.org/wikipedia/commons/thumb/4/47/Berlin_alte_f%C3%B6rsterei.jpg/150px-Berlin_alte_f%C3%B6rsterei.jpg' WHERE ID = 207
2024-07-24 11:17:01.067 | INFO     | Search:search_venue:line:176 | https://en.wikipedia.org/w/index.php?fulltext=1&ns0=1&profile=advanced&search=Basaksehir+Fatih+Terim+Stadium&title=Special:Search
2024-07-24 11:17:01.090 | INFO     | Search:search_venue:line:185 | UPDATE venue SET venue_url = 'https://wikipedia.org/wiki/Ba%C5%9Fak%C5%9Fehir_Fatih_Terim_Stadium', venue_image_url = 'https://upload.wikimedia.org/wikipedia/commons/thumb/9/95/Greece_vs_Turkey_%280-3%29%2C_17_November_2015%2C_2.jpg/180px-Greece_vs_Turkey_%280-3%29%2C_17_November_2015%2C_2.jpg' WHERE ID = 213
2024-07-24 11:17:03.436 | INFO     | Search:search_venue:line:176 | https://en.wikipedia.org/w/index.php?fulltext=1&ns0=1&profile=advanced&search=Pusk%C3%A1s+Ar%C3%A9na&title=Special:Search
2024-07-24 11:17:03.462 | INFO     | Search:search_venue:line:185 | UPDATE venue SET venue_url = 'https://wikipedia.org/wiki/Pusk%C3%A1s_Ar%C3%A9na', venue_image_url = 'https://upload.wikimedia.org/wikipedia/commons/thumb/3/3a/Pusk%C3%A1s_Ar%C3%A9na_01.jpg/150px-Pusk%C3%A1s_Ar%C3%A9na_01.jpg' WHERE ID = 215
2024-07-24 11:17:07.111 | INFO     | Search:search_venue:line:176 | https://en.wikipedia.org/w/index.php?fulltext=1&ns0=1&profile=advanced&search=Pusk%C3%A1s+Ar%C3%A9na&title=Special:Search
2024-07-24 11:17:07.143 | INFO     | Search:search_venue:line:185 | UPDATE venue SET venue_url = 'https://wikipedia.org/wiki/Pusk%C3%A1s_Ar%C3%A9na', venue_image_url = 'https://upload.wikimedia.org/wikipedia/commons/thumb/3/3a/Pusk%C3%A1s_Ar%C3%A9na_01.jpg/150px-Pusk%C3%A1s_Ar%C3%A9na_01.jpg' WHERE ID = 216
2024-07-24 11:17:08.794 | INFO     | Search:search_venue:line:176 | https://en.wikipedia.org/w/index.php?fulltext=1&ns0=1&profile=advanced&search=Estadio+Ram%C3%B3n+S%C3%A1nchez+Pizju%C3%A1n&title=Special:Search
2024-07-24 11:17:08.821 | INFO     | Search:search_venue:line:185 | UPDATE venue SET venue_url = 'https://wikipedia.org/wiki/Ram%C3%B3n_S%C3%A1nchez_Pizju%C3%A1n_Stadium', venue_image_url = 'https://upload.wikimedia.org/wikipedia/commons/thumb/1/17/Sevilla2-1Lega20182.jpg/120px-Sevilla2-1Lega20182.jpg' WHERE ID = 217
2024-07-24 11:17:10.988 | INFO     | Search:search_venue:line:176 | https://en.wikipedia.org/w/index.php?fulltext=1&ns0=1&profile=advanced&search=Est%C3%A1dio+do+Drag%C3%A3o&title=Special:Search
2024-07-24 11:17:11.017 | INFO     | Search:search_venue:line:185 | UPDATE venue SET venue_url = 'https://wikipedia.org/wiki/Est%C3%A1dio_do_Drag%C3%A3o', venue_image_url = 'https://upload.wikimedia.org/wikipedia/commons/thumb/b/b8/Porto_Est%C3%A1dio_do_Drag%C3%A3o_2.jpg/150px-Porto_Est%C3%A1dio_do_Drag%C3%A3o_2.jpg' WHERE ID = 219
2024-07-24 11:17:13.293 | INFO     | Search:search_venue:line:176 | https://en.wikipedia.org/w/index.php?fulltext=1&ns0=1&profile=advanced&search=Arena+Nationala&title=Special:Search
2024-07-24 11:17:13.397 | INFO     | Search:search_venue:line:185 | UPDATE venue SET venue_url = 'https://wikipedia.org/wiki/Arena_Na%C8%9Bional%C4%83', venue_image_url = 'https://upload.wikimedia.org/wikipedia/commons/thumb/a/a3/Arena-bukareszt.jpg/150px-Arena-bukareszt.jpg' WHERE ID = 220
2024-07-24 11:17:15.600 | INFO     | Search:search_venue:line:176 | https://en.wikipedia.org/w/index.php?fulltext=1&ns0=1&profile=advanced&search=Pusk%C3%A1s+Ar%C3%A9na&title=Special:Search
2024-07-24 11:17:15.628 | INFO     | Search:search_venue:line:185 | UPDATE venue SET venue_url = 'https://wikipedia.org/wiki/Pusk%C3%A1s_Ar%C3%A9na', venue_image_url = 'https://upload.wikimedia.org/wikipedia/commons/thumb/3/3a/Pusk%C3%A1s_Ar%C3%A9na_01.jpg/150px-Pusk%C3%A1s_Ar%C3%A9na_01.jpg' WHERE ID = 222
2024-07-24 11:17:17.526 | INFO     | Search:search_venue:line:176 | https://en.wikipedia.org/w/index.php?fulltext=1&ns0=1&profile=advanced&search=Estadio+Ram%C3%B3n+S%C3%A1nchez+Pizju%C3%A1n&title=Special:Search
2024-07-24 11:17:17.555 | INFO     | Search:search_venue:line:185 | UPDATE venue SET venue_url = 'https://wikipedia.org/wiki/Ram%C3%B3n_S%C3%A1nchez_Pizju%C3%A1n_Stadium', venue_image_url = 'https://upload.wikimedia.org/wikipedia/commons/thumb/1/17/Sevilla2-1Lega20182.jpg/120px-Sevilla2-1Lega20182.jpg' WHERE ID = 224
2024-07-24 11:17:20.541 | INFO     | Search:search_venue:line:176 | https://en.wikipedia.org/w/index.php?fulltext=1&ns0=1&profile=advanced&search=Maracan%C3%A3&title=Special:Search
2024-07-24 11:17:20.570 | INFO     | Search:search_venue:line:185 | UPDATE venue SET venue_url = 'https://wikipedia.org/wiki/Maracan%C3%A3_Stadium', venue_image_url = 'https://upload.wikimedia.org/wikipedia/commons/thumb/a/a4/Maracana_2022.jpg/150px-Maracana_2022.jpg' WHERE ID = 227
2024-07-24 11:17:23.240 | INFO     | Search:search_venue:line:176 | https://en.wikipedia.org/w/index.php?fulltext=1&ns0=1&profile=advanced&search=Est%C3%A1dio+Nacional+Man%C3%A9+Garrincha&title=Special:Search
2024-07-24 11:17:23.263 | INFO     | Search:search_venue:line:185 | UPDATE venue SET venue_url = 'https://wikipedia.org/wiki/Est%C3%A1dio_Nacional_Man%C3%A9_Garrincha', venue_image_url = 'https://upload.wikimedia.org/wikipedia/commons/thumb/d/da/Est%C3%A1dio_Nacional_Bras%C3%ADlia.jpg/150px-Est%C3%A1dio_Nacional_Bras%C3%ADlia.jpg' WHERE ID = 228
2024-07-24 11:17:26.347 | INFO     | Search:search_venue:line:176 | https://en.wikipedia.org/w/index.php?fulltext=1&ns0=1&profile=advanced&search=Mineir%C3%A3o&title=Special:Search
2024-07-24 11:17:26.373 | INFO     | Search:search_venue:line:185 | UPDATE venue SET venue_url = 'https://wikipedia.org/wiki/Mineir%C3%A3o', venue_image_url = 'https://upload.wikimedia.org/wikipedia/commons/thumb/3/3e/Mineir%C3%A3o_%28Top_View%29.jpg/150px-Mineir%C3%A3o_%28Top_View%29.jpg' WHERE ID = 229
2024-07-24 11:17:29.237 | INFO     | Search:search_venue:line:176 | https://en.wikipedia.org/w/index.php?fulltext=1&ns0=1&profile=advanced&search=Est%C3%A1dio+Jos%C3%A9+Pinheiro+Borda&title=Special:Search
2024-07-24 11:17:29.263 | INFO     | Search:search_venue:line:185 | UPDATE venue SET venue_url = 'https://wikipedia.org/wiki/Est%C3%A1dio_Beira-Rio', venue_image_url = 'https://upload.wikimedia.org/wikipedia/commons/thumb/1/16/Vista_A%C3%A9rea_Beira-Rio.jpg/180px-Vista_A%C3%A9rea_Beira-Rio.jpg' WHERE ID = 232
2024-07-24 11:17:31.521 | INFO     | Search:search_venue:line:176 | https://en.wikipedia.org/w/index.php?fulltext=1&ns0=1&profile=advanced&search=Castel%C3%A3o&title=Special:Search
2024-07-24 11:17:31.544 | INFO     | Search:search_venue:line:185 | UPDATE venue SET venue_url = 'https://wikipedia.org/wiki/Castel%C3%A3o_(Cear%C3%A1)', venue_image_url = 'https://upload.wikimedia.org/wikipedia/commons/thumb/e/ec/Castel%C3%A3o_Arena_%285%29.jpg/150px-Castel%C3%A3o_Arena_%285%29.jpg' WHERE ID = 236
2024-07-24 11:17:34.579 | INFO     | Search:search_venue:line:176 | https://en.wikipedia.org/w/index.php?fulltext=1&ns0=1&profile=advanced&search=Arena+da+Amazonia&title=Special:Search
2024-07-24 11:17:34.607 | INFO     | Search:search_venue:line:185 | UPDATE venue SET venue_url = 'https://wikipedia.org/wiki/Arena_da_Amaz%C3%B4nia', venue_image_url = 'https://upload.wikimedia.org/wikipedia/commons/thumb/4/43/Arena_Amaz%C3%B4nia_Manaus.jpg/150px-Arena_Amaz%C3%B4nia_Manaus.jpg' WHERE ID = 238
2024-07-24 11:17:37.572 | INFO     | Search:search_venue:line:176 | https://en.wikipedia.org/w/index.php?fulltext=1&ns0=1&profile=advanced&search=Rostec+Arena&title=Special:Search
2024-07-24 11:17:37.602 | ERROR    | Search:search_venue:line:189 | Lack of venue_image_url for ID: '239'
2024-07-24 11:17:40.730 | INFO     | Search:search_venue:line:201 | UPDATE venue SET venue_url = 'https://wikipedia.org/wiki/2023%E2%80%9324_Russian_Cup'WHERE ID = 239
2024-07-24 11:17:43.125 | INFO     | Search:search_venue:line:176 | https://en.wikipedia.org/w/index.php?fulltext=1&ns0=1&profile=advanced&search=Stadium+974&title=Special:Search
2024-07-24 11:17:43.152 | INFO     | Search:search_venue:line:185 | UPDATE venue SET venue_url = 'https://wikipedia.org/wiki/Stadium_974', venue_image_url = 'https://upload.wikimedia.org/wikipedia/en/thumb/a/a8/Stadium_974_exterior.jpg/150px-Stadium_974_exterior.jpg' WHERE ID = 253
